Using pre-set license

 COMMAND LINE ARGUMENTS:
/Applications/Unity/Hub/Editor/2020.3.0f1/Unity.app/Contents/MacOS/Unity
-adb2
-batchMode
-noUpm
-name
AssetImportWorker0
-projectPath
/Users/florent/Desktop/EPITA/PROJET/github/projectS2/BeforeDawn/111
-logFile
Logs/AssetImportWorker0.log
-srvPort
49330
Successfully changed project path to: /Users/florent/Desktop/EPITA/PROJET/github/projectS2/BeforeDawn/111
/Users/florent/Desktop/EPITA/PROJET/github/projectS2/BeforeDawn/111
Using Asset Import Pipeline V2.
Refreshing native plugins compatible for Editor in 51.29 ms, found 1 plugins.
Preloading 0 native plugins for Editor in 0.00 ms.
Initialize engine version: 2020.3.0f1 (c7b5465681fb)
[Subsystems] Discovering subsystems at path /Applications/Unity/Hub/Editor/2020.3.0f1/Unity.app/Contents/Resources/UnitySubsystems
[Subsystems] Discovering subsystems at path /Users/florent/Desktop/EPITA/PROJET/github/projectS2/BeforeDawn/111/Assets
GfxDevice: creating device client; threaded=0
2023-04-13 21:13:21.632 Unity[1441:17508] (null) preferred device: Apple M1 (high power)
2023-04-13 21:13:21.632 Unity[1441:17508] Metal devices available: 1
2023-04-13 21:13:21.632 Unity[1441:17508] 0: Apple M1 (high power)
2023-04-13 21:13:21.632 Unity[1441:17508] Using device Apple M1 (high power)
Initializing Metal device caps: Apple M1
Shader 'Universal Render Pipeline/Particles/Lit': fallback shader 'Universal Render Pipeline/Particles/SimpleLit' not found
Initialize mono
Mono path[0] = '/Applications/Unity/Hub/Editor/2020.3.0f1/Unity.app/Contents/Managed'
Mono path[1] = '/Applications/Unity/Hub/Editor/2020.3.0f1/Unity.app/Contents/MonoBleedingEdge/lib/mono/unityjit'
Mono config path = '/Applications/Unity/Hub/Editor/2020.3.0f1/Unity.app/Contents/MonoBleedingEdge/etc'
Using monoOptions --debugger-agent=transport=dt_socket,embedding=1,server=y,suspend=n,address=127.0.0.1:56441
Begin MonoManager ReloadAssembly
Registering precompiled unity dll's ...
Register platform support module: /Applications/Unity/Hub/Editor/2020.3.0f1/Unity.app/Contents/PlaybackEngines/MacStandaloneSupport/UnityEditor.OSXStandalone.Extensions.dll
Registered in 0.000890 seconds.
Native extension for OSXStandalone target not found
Refreshing native plugins compatible for Editor in 46.80 ms, found 1 plugins.
Preloading 0 native plugins for Editor in 0.00 ms.
Invoked RoslynAnalysisRunner static constructor.
RoslynAnalysisRunner will not be running.
RoslynAnalysisRunner has terminated.
Mono: successfully reloaded assembly
- Completed reload, in  1.540 seconds
Platform modules already initialized, skipping
Registering precompiled user dll's ...
Registered in 0.001549 seconds.
Begin MonoManager ReloadAssembly
Native extension for OSXStandalone target not found
Refreshing native plugins compatible for Editor in 49.12 ms, found 1 plugins.
Preloading 0 native plugins for Editor in 0.00 ms.
Invoked RoslynAnalysisRunner static constructor.
RoslynAnalysisRunner will not be running.
RoslynAnalysisRunner has terminated.
Fallback handler could not load library /Applications/Unity/Hub/Editor/2020.3.0f1/Unity.app/Contents/Frameworks/Mono/lib/libKernel32
Fallback handler could not load library /Applications/Unity/Hub/Editor/2020.3.0f1/Unity.app/Contents/Frameworks/Mono/lib/libKernel32.dylib
Fallback handler could not load library /Applications/Unity/Hub/Editor/2020.3.0f1/Unity.app/Contents/Frameworks/Mono/lib/libKernel32.so
Fallback handler could not load library /Applications/Unity/Hub/Editor/2020.3.0f1/Unity.app/Contents/Frameworks/Mono/lib/libKernel32.bundle
Fallback handler could not load library /Applications/Unity/Hub/Editor/2020.3.0f1/Unity.app/Contents/Frameworks/Mono/lib/Kernel32
Fallback handler could not load library /Applications/Unity/Hub/Editor/2020.3.0f1/Unity.app/Contents/Frameworks/Mono/lib/libKernel32
Fallback handler could not load library /Applications/Unity/Hub/Editor/2020.3.0f1/Unity.app/Contents/Frameworks/Mono/lib/libKernel32.dylib
Fallback handler could not load library /Applications/Unity/Hub/Editor/2020.3.0f1/Unity.app/Contents/Frameworks/Mono/lib/libKernel32.so
Fallback handler could not load library /Applications/Unity/Hub/Editor/2020.3.0f1/Unity.app/Contents/Frameworks/Mono/lib/libKernel32.bundle
Fallback handler could not load library /Applications/Unity/Hub/Editor/2020.3.0f1/Unity.app/Contents/Frameworks/Mono/lib/libKernel32
Mono: successfully reloaded assembly
- Completed reload, in  2.129 seconds
Platform modules already initialized, skipping
========================================================================
Worker process is ready to serve import requests
Shader 'Universal Render Pipeline/Particles/Lit': fallback shader 'Universal Render Pipeline/Particles/SimpleLit' not found
Launching external process: /Applications/Unity/Hub/Editor/2020.3.0f1/Unity.app/Contents/Tools/UnityShaderCompiler
Launched and connected shader compiler UnityShaderCompiler after 0.15 seconds
Refreshing native plugins compatible for Editor in 0.54 ms, found 1 plugins.
Preloading 0 native plugins for Editor in 0.00 ms.
Unloading 2996 Unused Serialized files (Serialized files now loaded: 0)
System memory in use before: 208.2 MB.
System memory in use after: 208.4 MB.

Unloading 17 unused Assets to reduce memory usage. Loaded Objects now: 3734.
Total: 4.975292 ms (FindLiveObjects: 0.616208 ms CreateObjectMapping: 0.074959 ms MarkObjects: 4.192084 ms  DeleteObjects: 0.091041 ms)

========================================================================
Received Import Request.
  path: Assets
  artifactKey: Guid(00000000000000001000000000000000) Importer(815301076,1909f56bfc062723c751e8b465ee728b)
Start importing Assets using Guid(00000000000000001000000000000000) Importer(815301076,1909f56bfc062723c751e8b465ee728b)  -> (artifact id: '42baae205c97e3337697759514652acd') in 0.010505 seconds
  Import took 0.015947 seconds .

========================================================================
Received Import Request.
  Time since last request: 30.167086 seconds.
  path: Assets/try.unity
  artifactKey: Guid(768418ff3d24141d5a9bfb6a4108bd28) Importer(815301076,1909f56bfc062723c751e8b465ee728b)
Start importing Assets/try.unity using Guid(768418ff3d24141d5a9bfb6a4108bd28) Importer(815301076,1909f56bfc062723c751e8b465ee728b)  -> (artifact id: 'a7d922b0a31e45a92883e79b22332ae1') in 0.036346 seconds
  Import took 0.052818 seconds .

========================================================================
Received Prepare
Registering precompiled user dll's ...
Registered in 0.000862 seconds.
Begin MonoManager ReloadAssembly
Fallback handler could not load library /Applications/Unity/Hub/Editor/2020.3.0f1/Unity.app/Contents/Frameworks/Mono/lib/libKernel32
Fallback handler could not load library /Applications/Unity/Hub/Editor/2020.3.0f1/Unity.app/Contents/Frameworks/Mono/lib/libKernel32.dylib
Fallback handler could not load library /Applications/Unity/Hub/Editor/2020.3.0f1/Unity.app/Contents/Frameworks/Mono/lib/libKernel32.so
Fallback handler could not load library /Applications/Unity/Hub/Editor/2020.3.0f1/Unity.app/Contents/Frameworks/Mono/lib/libKernel32.bundle
Fallback handler could not load library /Applications/Unity/Hub/Editor/2020.3.0f1/Unity.app/Contents/Frameworks/Mono/lib/Kernel32
Fallback handler could not load library /Applications/Unity/Hub/Editor/2020.3.0f1/Unity.app/Contents/Frameworks/Mono/lib/libKernel32
Fallback handler could not load library /Applications/Unity/Hub/Editor/2020.3.0f1/Unity.app/Contents/Frameworks/Mono/lib/libKernel32.dylib
Fallback handler could not load library /Applications/Unity/Hub/Editor/2020.3.0f1/Unity.app/Contents/Frameworks/Mono/lib/libKernel32.so
Fallback handler could not load library /Applications/Unity/Hub/Editor/2020.3.0f1/Unity.app/Contents/Frameworks/Mono/lib/libKernel32.bundle
Fallback handler could not load library /Applications/Unity/Hub/Editor/2020.3.0f1/Unity.app/Contents/Frameworks/Mono/lib/libKernel32
Native extension for OSXStandalone target not found
Refreshing native plugins compatible for Editor in 0.45 ms, found 1 plugins.
Preloading 0 native plugins for Editor in 0.00 ms.
Invoked RoslynAnalysisRunner static constructor.
RoslynAnalysisRunner will not be running.
RoslynAnalysisRunner has terminated.
Mono: successfully reloaded assembly
- Completed reload, in  2.011 seconds
Platform modules already initialized, skipping
Shader 'Universal Render Pipeline/Particles/Lit': fallback shader 'Universal Render Pipeline/Particles/SimpleLit' not found
Refreshing native plugins compatible for Editor in 0.43 ms, found 1 plugins.
Preloading 0 native plugins for Editor in 0.00 ms.
Unloading 2842 Unused Serialized files (Serialized files now loaded: 0)
System memory in use before: 200.7 MB.
System memory in use after: 200.9 MB.

Unloading 8 unused Assets to reduce memory usage. Loaded Objects now: 3741.
Total: 1.788167 ms (FindLiveObjects: 0.264500 ms CreateObjectMapping: 0.067833 ms MarkObjects: 1.430500 ms  DeleteObjects: 0.024334 ms)

========================================================================
Received Import Request.
  Time since last request: 33.733196 seconds.
  path: Assets/Characters/Archer/Archer Blue.prefab
  artifactKey: Guid(93ddf5fff26bcb642a6f1f94462963b2) Importer(815301076,1909f56bfc062723c751e8b465ee728b)
Start importing Assets/Characters/Archer/Archer Blue.prefab using Guid(93ddf5fff26bcb642a6f1f94462963b2) Importer(815301076,1909f56bfc062723c751e8b465ee728b)  -> (artifact id: '9dfcc5d79d9b9a226927eca97c4f67af') in 1.421295 seconds
  Import took 1.433790 seconds .

========================================================================
Received Import Request.
  Time since last request: 0.000202 seconds.
  path: Assets/Characters/Archer/Archer Red.prefab
  artifactKey: Guid(f7e6e31c5324d874db515c8ca4922190) Importer(815301076,1909f56bfc062723c751e8b465ee728b)
Start importing Assets/Characters/Archer/Archer Red.prefab using Guid(f7e6e31c5324d874db515c8ca4922190) Importer(815301076,1909f56bfc062723c751e8b465ee728b)  -> (artifact id: '00cef1123e21f006b0afd4a6fd6ec6e8') in 0.171949 seconds
  Import took 0.177798 seconds .

========================================================================
Received Import Request.
  Time since last request: 0.000231 seconds.
  path: Assets/Props/ENVProps/Prefabs/Trees3.prefab
  artifactKey: Guid(1f129fb15aa99452dba09f266938c6a7) Importer(815301076,1909f56bfc062723c751e8b465ee728b)
Start importing Assets/Props/ENVProps/Prefabs/Trees3.prefab using Guid(1f129fb15aa99452dba09f266938c6a7) Importer(815301076,1909f56bfc062723c751e8b465ee728b)  -> (artifact id: '17e0a391a0fbb9c08c21c04bfa79eccb') in 0.023836 seconds
  Import took 0.028035 seconds .

========================================================================
Received Import Request.
  Time since last request: 2.101437 seconds.
  path: Assets/Characters/Warrior/Warrior Blue.prefab
  artifactKey: Guid(3d7094a1663ab0a44ab8e11c1defd922) Importer(815301076,1909f56bfc062723c751e8b465ee728b)
Start importing Assets/Characters/Warrior/Warrior Blue.prefab using Guid(3d7094a1663ab0a44ab8e11c1defd922) Importer(815301076,1909f56bfc062723c751e8b465ee728b)  -> (artifact id: 'b01548506be29fac17895aec8eb82af8') in 0.064984 seconds
  Import took 0.070526 seconds .

========================================================================
Received Import Request.
  Time since last request: 0.000215 seconds.
  path: Assets/Characters/Warrior/Warrior Red.prefab
  artifactKey: Guid(36e93c435d1648a4c86d516057a9cbe2) Importer(815301076,1909f56bfc062723c751e8b465ee728b)
Start importing Assets/Characters/Warrior/Warrior Red.prefab using Guid(36e93c435d1648a4c86d516057a9cbe2) Importer(815301076,1909f56bfc062723c751e8b465ee728b)  -> (artifact id: '2b7097d348ba5a531385dc5054d699dc') in 0.059516 seconds
  Import took 0.063937 seconds .

========================================================================
Received Import Request.
  Time since last request: 2.383345 seconds.
  path: Assets/Characters/Mage/Mage Blue.prefab
  artifactKey: Guid(4d4319dde2f198845ac34608a1013ffc) Importer(815301076,1909f56bfc062723c751e8b465ee728b)
Start importing Assets/Characters/Mage/Mage Blue.prefab using Guid(4d4319dde2f198845ac34608a1013ffc) Importer(815301076,1909f56bfc062723c751e8b465ee728b)  -> (artifact id: '1876d3202da0566dd0a54fdbe9fc9785') in 0.159191 seconds
  Import took 0.166711 seconds .

========================================================================
Received Import Request.
  Time since last request: 0.000223 seconds.
  path: Assets/Characters/Mage/Mage Red.prefab
  artifactKey: Guid(ddbc89a2e5731354497399c2803d9354) Importer(815301076,1909f56bfc062723c751e8b465ee728b)
Start importing Assets/Characters/Mage/Mage Red.prefab using Guid(ddbc89a2e5731354497399c2803d9354) Importer(815301076,1909f56bfc062723c751e8b465ee728b)  -> (artifact id: '070a2a18953e83b1947e36cfd6775c76') in 0.128631 seconds
  Import took 0.134357 seconds .

========================================================================
Received Import Request.
  Time since last request: 11.695261 seconds.
  path: Assets/Characters/Archer/Archer Blue.prefab
  artifactKey: Guid(93ddf5fff26bcb642a6f1f94462963b2) Importer(815301076,1909f56bfc062723c751e8b465ee728b)
Start importing Assets/Characters/Archer/Archer Blue.prefab using Guid(93ddf5fff26bcb642a6f1f94462963b2) Importer(815301076,1909f56bfc062723c751e8b465ee728b)  -> (artifact id: 'e07b3793473fc4af8d77c6d0fec695fc') in 0.146383 seconds
  Import took 0.153897 seconds .

========================================================================
Received Import Request.
  Time since last request: 6.807854 seconds.
  path: Assets/Characters/Warrior/Warrior Red.prefab
  artifactKey: Guid(36e93c435d1648a4c86d516057a9cbe2) Importer(815301076,1909f56bfc062723c751e8b465ee728b)
Start importing Assets/Characters/Warrior/Warrior Red.prefab using Guid(36e93c435d1648a4c86d516057a9cbe2) Importer(815301076,1909f56bfc062723c751e8b465ee728b)  -> (artifact id: '5efab139f06937753854921c2753dfd1') in 0.064576 seconds
  Import took 0.069959 seconds .

========================================================================
Received Import Request.
  Time since last request: 0.000219 seconds.
  path: Assets/Characters/Warrior/Warrior Blue.prefab
  artifactKey: Guid(3d7094a1663ab0a44ab8e11c1defd922) Importer(815301076,1909f56bfc062723c751e8b465ee728b)
Start importing Assets/Characters/Warrior/Warrior Blue.prefab using Guid(3d7094a1663ab0a44ab8e11c1defd922) Importer(815301076,1909f56bfc062723c751e8b465ee728b)  -> (artifact id: '15ce6412953228a16391114a16df4953') in 0.057316 seconds
  Import took 0.061565 seconds .

========================================================================
Received Import Request.
  Time since last request: 16.394888 seconds.
  path: Assets/Characters/Archer/Archer Blue.prefab
  artifactKey: Guid(93ddf5fff26bcb642a6f1f94462963b2) Importer(815301076,1909f56bfc062723c751e8b465ee728b)
Start importing Assets/Characters/Archer/Archer Blue.prefab using Guid(93ddf5fff26bcb642a6f1f94462963b2) Importer(815301076,1909f56bfc062723c751e8b465ee728b)  -> (artifact id: 'ea323771e901050d2ee07846964ac7d2') in 0.216645 seconds
  Import took 0.227606 seconds .

========================================================================
Received Import Request.
  Time since last request: 7.714729 seconds.
  path: Assets/Characters/Archer/Archer Red.prefab
  artifactKey: Guid(f7e6e31c5324d874db515c8ca4922190) Importer(815301076,1909f56bfc062723c751e8b465ee728b)
Start importing Assets/Characters/Archer/Archer Red.prefab using Guid(f7e6e31c5324d874db515c8ca4922190) Importer(815301076,1909f56bfc062723c751e8b465ee728b)  -> (artifact id: '62a50f2c50d24fedf3ee6ae40976eca3') in 0.168965 seconds
  Import took 0.174844 seconds .

========================================================================
Received Import Request.
  Time since last request: 0.000216 seconds.
  path: Assets/Characters/Archer/Archer Blue.prefab
  artifactKey: Guid(93ddf5fff26bcb642a6f1f94462963b2) Importer(815301076,1909f56bfc062723c751e8b465ee728b)
Start importing Assets/Characters/Archer/Archer Blue.prefab using Guid(93ddf5fff26bcb642a6f1f94462963b2) Importer(815301076,1909f56bfc062723c751e8b465ee728b)  -> (artifact id: 'cc468009fc00443ce290ef615a5ad64f') in 0.132964 seconds
  Import took 0.138140 seconds .

========================================================================
Received Import Request.
  Time since last request: 3.119553 seconds.
  path: Assets/Characters/Archer/Archer Blue.prefab
  artifactKey: Guid(93ddf5fff26bcb642a6f1f94462963b2) Importer(815301076,1909f56bfc062723c751e8b465ee728b)
Start importing Assets/Characters/Archer/Archer Blue.prefab using Guid(93ddf5fff26bcb642a6f1f94462963b2) Importer(815301076,1909f56bfc062723c751e8b465ee728b)  -> (artifact id: 'ef03121747a84d4c62364be01626d4ad') in 0.129761 seconds
  Import took 0.136345 seconds .

========================================================================
Received Import Request.
  Time since last request: 0.000207 seconds.
  path: Assets/Characters/Archer/Archer Red.prefab
  artifactKey: Guid(f7e6e31c5324d874db515c8ca4922190) Importer(815301076,1909f56bfc062723c751e8b465ee728b)
Start importing Assets/Characters/Archer/Archer Red.prefab using Guid(f7e6e31c5324d874db515c8ca4922190) Importer(815301076,1909f56bfc062723c751e8b465ee728b)  -> (artifact id: '10681d38ed0a9e03ab841cd8adc3ccf7') in 0.133602 seconds
  Import took 0.139006 seconds .

========================================================================
Received Import Request.
  Time since last request: 4.192686 seconds.
  path: Assets/Characters/Archer/Archer Blue.prefab
  artifactKey: Guid(93ddf5fff26bcb642a6f1f94462963b2) Importer(815301076,1909f56bfc062723c751e8b465ee728b)
Start importing Assets/Characters/Archer/Archer Blue.prefab using Guid(93ddf5fff26bcb642a6f1f94462963b2) Importer(815301076,1909f56bfc062723c751e8b465ee728b)  -> (artifact id: '75a69192bb396b3f7d74cf845f7021ad') in 0.141299 seconds
  Import took 0.148595 seconds .

========================================================================
Received Import Request.
  Time since last request: 6.279085 seconds.
  path: Assets/Characters/Warrior/Warrior Blue.prefab
  artifactKey: Guid(3d7094a1663ab0a44ab8e11c1defd922) Importer(815301076,1909f56bfc062723c751e8b465ee728b)
Start importing Assets/Characters/Warrior/Warrior Blue.prefab using Guid(3d7094a1663ab0a44ab8e11c1defd922) Importer(815301076,1909f56bfc062723c751e8b465ee728b)  -> (artifact id: '9eb093d76858b01250670ae49822f793') in 0.078467 seconds
  Import took 0.086016 seconds .

========================================================================
Received Import Request.
  Time since last request: 0.000211 seconds.
  path: Assets/Characters/Warrior/Warrior Red.prefab
  artifactKey: Guid(36e93c435d1648a4c86d516057a9cbe2) Importer(815301076,1909f56bfc062723c751e8b465ee728b)
Start importing Assets/Characters/Warrior/Warrior Red.prefab using Guid(36e93c435d1648a4c86d516057a9cbe2) Importer(815301076,1909f56bfc062723c751e8b465ee728b)  -> (artifact id: 'c3ba9cc70e173a34e34b2f10d593c98a') in 0.058487 seconds
  Import took 0.062916 seconds .

========================================================================
Received Import Request.
  Time since last request: 5.968661 seconds.
  path: Assets/Characters/Mage/Mage Red.prefab
  artifactKey: Guid(ddbc89a2e5731354497399c2803d9354) Importer(815301076,1909f56bfc062723c751e8b465ee728b)
Start importing Assets/Characters/Mage/Mage Red.prefab using Guid(ddbc89a2e5731354497399c2803d9354) Importer(815301076,1909f56bfc062723c751e8b465ee728b)  -> (artifact id: '5292ef97e2ddeaa00da469c47c084103') in 0.170454 seconds
  Import took 0.177291 seconds .

========================================================================
Received Import Request.
  Time since last request: 0.000209 seconds.
  path: Assets/Characters/Mage/Mage Blue.prefab
  artifactKey: Guid(4d4319dde2f198845ac34608a1013ffc) Importer(815301076,1909f56bfc062723c751e8b465ee728b)
Start importing Assets/Characters/Mage/Mage Blue.prefab using Guid(4d4319dde2f198845ac34608a1013ffc) Importer(815301076,1909f56bfc062723c751e8b465ee728b)  -> (artifact id: '070910e30c62596bdb3daa88f19bc1c7') in 0.129806 seconds
  Import took 0.135600 seconds .

========================================================================
Received Import Request.
  Time since last request: 2.697791 seconds.
  path: Assets/Characters/Mage/Mage Blue.prefab
  artifactKey: Guid(4d4319dde2f198845ac34608a1013ffc) Importer(815301076,1909f56bfc062723c751e8b465ee728b)
Start importing Assets/Characters/Mage/Mage Blue.prefab using Guid(4d4319dde2f198845ac34608a1013ffc) Importer(815301076,1909f56bfc062723c751e8b465ee728b)  -> (artifact id: '30854d6882df9f24d5919f7af91af8b7') in 0.125530 seconds
  Import took 0.132306 seconds .

========================================================================
Received Import Request.
  Time since last request: 0.000212 seconds.
  path: Assets/Characters/Mage/Mage Red.prefab
  artifactKey: Guid(ddbc89a2e5731354497399c2803d9354) Importer(815301076,1909f56bfc062723c751e8b465ee728b)
Start importing Assets/Characters/Mage/Mage Red.prefab using Guid(ddbc89a2e5731354497399c2803d9354) Importer(815301076,1909f56bfc062723c751e8b465ee728b)  -> (artifact id: '30133e7b4b94ff804acc3fa2ecddc208') in 0.121905 seconds
  Import took 0.127217 seconds .

========================================================================
Received Import Request.
  Time since last request: 8.692515 seconds.
  path: Assets/Towers/BarracksTower/Barracks Tower Red.prefab
  artifactKey: Guid(dd280e7a9315109438464a3cda98bd43) Importer(815301076,1909f56bfc062723c751e8b465ee728b)
Start importing Assets/Towers/BarracksTower/Barracks Tower Red.prefab using Guid(dd280e7a9315109438464a3cda98bd43) Importer(815301076,1909f56bfc062723c751e8b465ee728b)  -> (artifact id: '94b593cc316ea15896a65c6b0db27680') in 0.165280 seconds
  Import took 0.174474 seconds .

========================================================================
Received Import Request.
  Time since last request: 0.000239 seconds.
  path: Assets/Towers/BarracksTower/Barracks Tower Blue.prefab
  artifactKey: Guid(0411bbd6c1ad5b84084f7036ccec0aba) Importer(815301076,1909f56bfc062723c751e8b465ee728b)
Start importing Assets/Towers/BarracksTower/Barracks Tower Blue.prefab using Guid(0411bbd6c1ad5b84084f7036ccec0aba) Importer(815301076,1909f56bfc062723c751e8b465ee728b)  -> (artifact id: 'a996bc217c1784a55abce00a779b8533') in 0.104435 seconds
  Import took 0.114583 seconds .

========================================================================
Received Import Request.
  Time since last request: 9.450584 seconds.
  path: Assets/Characters/Archer/Archer Blue.prefab
  artifactKey: Guid(93ddf5fff26bcb642a6f1f94462963b2) Importer(815301076,1909f56bfc062723c751e8b465ee728b)
Start importing Assets/Characters/Archer/Archer Blue.prefab using Guid(93ddf5fff26bcb642a6f1f94462963b2) Importer(815301076,1909f56bfc062723c751e8b465ee728b)  -> (artifact id: '6ce0531a3482e0104fbc0f22cd06046a') in 0.169586 seconds
  Import took 0.176203 seconds .

========================================================================
Received Import Request.
  Time since last request: 0.000207 seconds.
  path: Assets/Characters/Archer/Archer Red.prefab
  artifactKey: Guid(f7e6e31c5324d874db515c8ca4922190) Importer(815301076,1909f56bfc062723c751e8b465ee728b)
Start importing Assets/Characters/Archer/Archer Red.prefab using Guid(f7e6e31c5324d874db515c8ca4922190) Importer(815301076,1909f56bfc062723c751e8b465ee728b)  -> (artifact id: 'f7e586b9e56dd5a027d214976d6acff9') in 0.131941 seconds
  Import took 0.137304 seconds .

========================================================================
Received Import Request.
  Time since last request: 7.312314 seconds.
  path: Assets/Characters/Warrior/Warrior Blue.prefab
  artifactKey: Guid(3d7094a1663ab0a44ab8e11c1defd922) Importer(815301076,1909f56bfc062723c751e8b465ee728b)
Start importing Assets/Characters/Warrior/Warrior Blue.prefab using Guid(3d7094a1663ab0a44ab8e11c1defd922) Importer(815301076,1909f56bfc062723c751e8b465ee728b)  -> (artifact id: '1d72736dace515d4e1ef24bd2ef1d033') in 0.070931 seconds
  Import took 0.078330 seconds .

========================================================================
Received Import Request.
  Time since last request: 0.000290 seconds.
  path: Assets/Characters/Warrior/Warrior Red.prefab
  artifactKey: Guid(36e93c435d1648a4c86d516057a9cbe2) Importer(815301076,1909f56bfc062723c751e8b465ee728b)
Start importing Assets/Characters/Warrior/Warrior Red.prefab using Guid(36e93c435d1648a4c86d516057a9cbe2) Importer(815301076,1909f56bfc062723c751e8b465ee728b)  -> (artifact id: 'bb681f3978ca8ce577643b909914defa') in 0.057477 seconds
  Import took 0.061847 seconds .

========================================================================
Received Import Request.
  Time since last request: 6.259928 seconds.
  path: Assets/Towers/BarracksTower/Barracks Tower Blue.prefab
  artifactKey: Guid(0411bbd6c1ad5b84084f7036ccec0aba) Importer(815301076,1909f56bfc062723c751e8b465ee728b)
Start importing Assets/Towers/BarracksTower/Barracks Tower Blue.prefab using Guid(0411bbd6c1ad5b84084f7036ccec0aba) Importer(815301076,1909f56bfc062723c751e8b465ee728b)  -> (artifact id: '34a887b80b0737783607e823cb991f27') in 0.117201 seconds
  Import took 0.128231 seconds .

========================================================================
Received Import Request.
  Time since last request: 0.000204 seconds.
  path: Assets/Towers/BarracksTower/Barracks Tower Red.prefab
  artifactKey: Guid(dd280e7a9315109438464a3cda98bd43) Importer(815301076,1909f56bfc062723c751e8b465ee728b)
Start importing Assets/Towers/BarracksTower/Barracks Tower Red.prefab using Guid(dd280e7a9315109438464a3cda98bd43) Importer(815301076,1909f56bfc062723c751e8b465ee728b)  -> (artifact id: '51d6949532bbec222d8487780a4adbe1') in 0.099651 seconds
  Import took 0.107669 seconds .

========================================================================
Received Import Request.
  Time since last request: 8.253086 seconds.
  path: Assets/Towers/BarracksTower/Barracks Tower Blue.prefab
  artifactKey: Guid(0411bbd6c1ad5b84084f7036ccec0aba) Importer(815301076,1909f56bfc062723c751e8b465ee728b)
Start importing Assets/Towers/BarracksTower/Barracks Tower Blue.prefab using Guid(0411bbd6c1ad5b84084f7036ccec0aba) Importer(815301076,1909f56bfc062723c751e8b465ee728b)  -> (artifact id: '979897b68eb20177cf9fded5435f04fb') in 0.103226 seconds
  Import took 0.113805 seconds .

========================================================================
Received Import Request.
  Time since last request: 0.000186 seconds.
  path: Assets/Towers/BarracksTower/Barracks Tower Red.prefab
  artifactKey: Guid(dd280e7a9315109438464a3cda98bd43) Importer(815301076,1909f56bfc062723c751e8b465ee728b)
Start importing Assets/Towers/BarracksTower/Barracks Tower Red.prefab using Guid(dd280e7a9315109438464a3cda98bd43) Importer(815301076,1909f56bfc062723c751e8b465ee728b)  -> (artifact id: 'b73bb951b2d49e656437a1323b854e93') in 0.101338 seconds
  Import took 0.110066 seconds .

========================================================================
Received Import Request.
  Time since last request: 51.905268 seconds.
  path: Assets/Towers/BarracksTower/Barracks Tower Blue.prefab
  artifactKey: Guid(0411bbd6c1ad5b84084f7036ccec0aba) Importer(815301076,1909f56bfc062723c751e8b465ee728b)
Start importing Assets/Towers/BarracksTower/Barracks Tower Blue.prefab using Guid(0411bbd6c1ad5b84084f7036ccec0aba) Importer(815301076,1909f56bfc062723c751e8b465ee728b)  -> (artifact id: '0f9e6ec80ea636a73545d2d06ffed9bf') in 0.170898 seconds
  Import took 0.185027 seconds .

========================================================================
Received Import Request.
  Time since last request: 0.000220 seconds.
  path: Assets/Towers/BarracksTower/Barracks Tower Red.prefab
  artifactKey: Guid(dd280e7a9315109438464a3cda98bd43) Importer(815301076,1909f56bfc062723c751e8b465ee728b)
Start importing Assets/Towers/BarracksTower/Barracks Tower Red.prefab using Guid(dd280e7a9315109438464a3cda98bd43) Importer(815301076,1909f56bfc062723c751e8b465ee728b)  -> (artifact id: 'e6ae7065e1cc3f7ba1c3e29c748936ac') in 0.104485 seconds
  Import took 0.113233 seconds .

========================================================================
Received Import Request.
  Time since last request: 0.080140 seconds.
  path: Assets/Towers/BarracksTower/Barracks Tower Blue.prefab
  artifactKey: Guid(0411bbd6c1ad5b84084f7036ccec0aba) Importer(815301076,1909f56bfc062723c751e8b465ee728b)
Start importing Assets/Towers/BarracksTower/Barracks Tower Blue.prefab using Guid(0411bbd6c1ad5b84084f7036ccec0aba) Importer(815301076,1909f56bfc062723c751e8b465ee728b)  -> (artifact id: 'a96c12ed4ae2aa4cd221d25051f70d50') in 0.152629 seconds
  Import took 0.163535 seconds .

========================================================================
Received Import Request.
  Time since last request: 0.067130 seconds.
  path: Assets/Towers/BarracksTower/Barracks Tower Blue.prefab
  artifactKey: Guid(0411bbd6c1ad5b84084f7036ccec0aba) Importer(815301076,1909f56bfc062723c751e8b465ee728b)
Start importing Assets/Towers/BarracksTower/Barracks Tower Blue.prefab using Guid(0411bbd6c1ad5b84084f7036ccec0aba) Importer(815301076,1909f56bfc062723c751e8b465ee728b)  -> (artifact id: '6aba340c44f6388000141bd56efc5f2b') in 0.230835 seconds
  Import took 0.242201 seconds .

========================================================================
Received Import Request.
  Time since last request: 0.000223 seconds.
  path: Assets/Towers/BarracksTower/Barracks Tower Red.prefab
  artifactKey: Guid(dd280e7a9315109438464a3cda98bd43) Importer(815301076,1909f56bfc062723c751e8b465ee728b)
Start importing Assets/Towers/BarracksTower/Barracks Tower Red.prefab using Guid(dd280e7a9315109438464a3cda98bd43) Importer(815301076,1909f56bfc062723c751e8b465ee728b)  -> (artifact id: '79d33dc562520d8eb67ff50c09bf9639') in 0.210512 seconds
  Import took 0.220483 seconds .

========================================================================
Received Import Request.
  Time since last request: 0.000208 seconds.
  path: Assets/Towers/BarracksTower/Barracks Tower Red.prefab
  artifactKey: Guid(dd280e7a9315109438464a3cda98bd43) Importer(815301076,1909f56bfc062723c751e8b465ee728b)
Start importing Assets/Towers/BarracksTower/Barracks Tower Red.prefab using Guid(dd280e7a9315109438464a3cda98bd43) Importer(815301076,1909f56bfc062723c751e8b465ee728b)  -> (artifact id: '61472225fa3b63bed38fac0f7177be19') in 0.104323 seconds
  Import took 0.112909 seconds .

========================================================================
Received Import Request.
  Time since last request: 0.000254 seconds.
  path: Assets/Towers/BarracksTower/Barracks Tower Blue.prefab
  artifactKey: Guid(0411bbd6c1ad5b84084f7036ccec0aba) Importer(815301076,1909f56bfc062723c751e8b465ee728b)
Start importing Assets/Towers/BarracksTower/Barracks Tower Blue.prefab using Guid(0411bbd6c1ad5b84084f7036ccec0aba) Importer(815301076,1909f56bfc062723c751e8b465ee728b)  -> (artifact id: '226a56392f04f42a1f3d8f65a893e12a') in 0.104972 seconds
  Import took 0.114465 seconds .

========================================================================
Received Import Request.
  Time since last request: 1.871469 seconds.
  path: Packages/com.unity.render-pipelines.universal/Runtime/Materials/ParticlesUnlit.mat
  artifactKey: Guid(e823cd5b5d27c0f4b8256e7c12ee3e6d) Importer(815301076,1909f56bfc062723c751e8b465ee728b)
Start importing Packages/com.unity.render-pipelines.universal/Runtime/Materials/ParticlesUnlit.mat using Guid(e823cd5b5d27c0f4b8256e7c12ee3e6d) Importer(815301076,1909f56bfc062723c751e8b465ee728b)  -> (artifact id: '7ad64703436f12514e7ad02f73217d42') in 0.255095 seconds
  Import took 0.259455 seconds .

========================================================================
Received Import Request.
  Time since last request: 14.251065 seconds.
  path: Assets/Towers/BarracksTower/Barracks Tower Blue.prefab
  artifactKey: Guid(0411bbd6c1ad5b84084f7036ccec0aba) Importer(815301076,1909f56bfc062723c751e8b465ee728b)
Start importing Assets/Towers/BarracksTower/Barracks Tower Blue.prefab using Guid(0411bbd6c1ad5b84084f7036ccec0aba) Importer(815301076,1909f56bfc062723c751e8b465ee728b)  -> (artifact id: '29ef7e6590ad3e766122125b1e6e5bac') in 0.141491 seconds
  Import took 0.152353 seconds .

========================================================================
Received Import Request.
  Time since last request: 0.000206 seconds.
  path: Assets/Towers/BarracksTower/Barracks Tower Red.prefab
  artifactKey: Guid(dd280e7a9315109438464a3cda98bd43) Importer(815301076,1909f56bfc062723c751e8b465ee728b)
Start importing Assets/Towers/BarracksTower/Barracks Tower Red.prefab using Guid(dd280e7a9315109438464a3cda98bd43) Importer(815301076,1909f56bfc062723c751e8b465ee728b)  -> (artifact id: 'cb96037c8527be06632a25952646c14a') in 0.112362 seconds
  Import took 0.120825 seconds .

========================================================================
Received Import Request.
  Time since last request: 0.133412 seconds.
  path: Assets/Towers/BarracksTower/Barracks Tower Blue.prefab
  artifactKey: Guid(0411bbd6c1ad5b84084f7036ccec0aba) Importer(815301076,1909f56bfc062723c751e8b465ee728b)
Start importing Assets/Towers/BarracksTower/Barracks Tower Blue.prefab using Guid(0411bbd6c1ad5b84084f7036ccec0aba) Importer(815301076,1909f56bfc062723c751e8b465ee728b)  -> (artifact id: '613ec4f4cc99af7fb55f17c25603febd') in 0.108997 seconds
  Import took 0.119280 seconds .

========================================================================
Received Import Request.
  Time since last request: 0.000218 seconds.
  path: Assets/Towers/BarracksTower/Barracks Tower Red.prefab
  artifactKey: Guid(dd280e7a9315109438464a3cda98bd43) Importer(815301076,1909f56bfc062723c751e8b465ee728b)
Start importing Assets/Towers/BarracksTower/Barracks Tower Red.prefab using Guid(dd280e7a9315109438464a3cda98bd43) Importer(815301076,1909f56bfc062723c751e8b465ee728b)  -> (artifact id: '259422e58f12da8350bc4fe5281e08f3') in 0.103330 seconds
  Import took 0.111437 seconds .

========================================================================
Received Import Request.
  Time since last request: 16.344172 seconds.
  path: Assets/Towers/BarracksTower/Barracks Tower Blue.prefab
  artifactKey: Guid(0411bbd6c1ad5b84084f7036ccec0aba) Importer(815301076,1909f56bfc062723c751e8b465ee728b)
Start importing Assets/Towers/BarracksTower/Barracks Tower Blue.prefab using Guid(0411bbd6c1ad5b84084f7036ccec0aba) Importer(815301076,1909f56bfc062723c751e8b465ee728b)  -> (artifact id: 'e61e01fd29122643070307e5d4298f84') in 0.139771 seconds
  Import took 0.152066 seconds .

========================================================================
Received Import Request.
  Time since last request: 0.000211 seconds.
  path: ProjectSettings/TagManager.asset
  artifactKey: Guid(00000000000000003000000000000000) Importer(815301076,1909f56bfc062723c751e8b465ee728b)
Start importing ProjectSettings/TagManager.asset using Guid(00000000000000003000000000000000) Importer(815301076,1909f56bfc062723c751e8b465ee728b)  -> (artifact id: '7786bec959014d0cbb1565448b77ee1a') in 0.066290 seconds
  Import took 0.070949 seconds .

========================================================================
Received Import Request.
  Time since last request: 16.303545 seconds.
  path: Assets/Towers/BarracksTower/Barracks Tower Blue.prefab
  artifactKey: Guid(0411bbd6c1ad5b84084f7036ccec0aba) Importer(815301076,1909f56bfc062723c751e8b465ee728b)
Start importing Assets/Towers/BarracksTower/Barracks Tower Blue.prefab using Guid(0411bbd6c1ad5b84084f7036ccec0aba) Importer(815301076,1909f56bfc062723c751e8b465ee728b)  -> (artifact id: '540519a72933b5c8e79af39dd35c5d5a') in 0.165478 seconds
  Import took 0.183846 seconds .

========================================================================
Received Import Request.
  Time since last request: 0.000186 seconds.
  path: Assets/Towers/BarracksTower/Barracks Tower Red.prefab
  artifactKey: Guid(dd280e7a9315109438464a3cda98bd43) Importer(815301076,1909f56bfc062723c751e8b465ee728b)
Start importing Assets/Towers/BarracksTower/Barracks Tower Red.prefab using Guid(dd280e7a9315109438464a3cda98bd43) Importer(815301076,1909f56bfc062723c751e8b465ee728b)  -> (artifact id: 'c75e29c56504161fb71b4c202a0afb0c') in 0.116032 seconds
  Import took 0.124914 seconds .

========================================================================
Received Import Request.
  Time since last request: 2.063681 seconds.
  path: Assets/Towers/BarracksTower/Barracks Tower Blue.prefab
  artifactKey: Guid(0411bbd6c1ad5b84084f7036ccec0aba) Importer(815301076,1909f56bfc062723c751e8b465ee728b)
Start importing Assets/Towers/BarracksTower/Barracks Tower Blue.prefab using Guid(0411bbd6c1ad5b84084f7036ccec0aba) Importer(815301076,1909f56bfc062723c751e8b465ee728b)  -> (artifact id: '2d0eaa28a427916b74762bc672e2ca19') in 0.117154 seconds
  Import took 0.128384 seconds .

========================================================================
Received Import Request.
  Time since last request: 3.173416 seconds.
  path: Assets/Characters/Archer/Archer Blue.prefab
  artifactKey: Guid(93ddf5fff26bcb642a6f1f94462963b2) Importer(815301076,1909f56bfc062723c751e8b465ee728b)
Start importing Assets/Characters/Archer/Archer Blue.prefab using Guid(93ddf5fff26bcb642a6f1f94462963b2) Importer(815301076,1909f56bfc062723c751e8b465ee728b)  -> (artifact id: 'feb73be59f3fa04d5d0564bea6354b85') in 0.157627 seconds
  Import took 0.164660 seconds .

========================================================================
Received Import Request.
  Time since last request: 0.000180 seconds.
  path: Assets/Characters/Archer/Archer Red.prefab
  artifactKey: Guid(f7e6e31c5324d874db515c8ca4922190) Importer(815301076,1909f56bfc062723c751e8b465ee728b)
Start importing Assets/Characters/Archer/Archer Red.prefab using Guid(f7e6e31c5324d874db515c8ca4922190) Importer(815301076,1909f56bfc062723c751e8b465ee728b)  -> (artifact id: '92d38a84ef7b699f99a1652dd498b323') in 0.139190 seconds
  Import took 0.144967 seconds .

========================================================================
Received Import Request.
  Time since last request: 0.000196 seconds.
  path: Assets/Characters/Archer/Archer Blue.prefab
  artifactKey: Guid(93ddf5fff26bcb642a6f1f94462963b2) Importer(815301076,1909f56bfc062723c751e8b465ee728b)
Start importing Assets/Characters/Archer/Archer Blue.prefab using Guid(93ddf5fff26bcb642a6f1f94462963b2) Importer(815301076,1909f56bfc062723c751e8b465ee728b)  -> (artifact id: 'feb73be59f3fa04d5d0564bea6354b85') in 0.133476 seconds
  Import took 0.139571 seconds .

========================================================================
Received Import Request.
  Time since last request: 2.159489 seconds.
  path: Assets/Characters/Archer/Archer Blue.prefab
  artifactKey: Guid(93ddf5fff26bcb642a6f1f94462963b2) Importer(815301076,1909f56bfc062723c751e8b465ee728b)
Start importing Assets/Characters/Archer/Archer Blue.prefab using Guid(93ddf5fff26bcb642a6f1f94462963b2) Importer(815301076,1909f56bfc062723c751e8b465ee728b)  -> (artifact id: '0219f9f328208c554088d701688c7421') in 0.128458 seconds
  Import took 0.135202 seconds .

========================================================================
Received Import Request.
  Time since last request: 3.153268 seconds.
  path: Assets/Characters/Warrior/Warrior Blue.prefab
  artifactKey: Guid(3d7094a1663ab0a44ab8e11c1defd922) Importer(815301076,1909f56bfc062723c751e8b465ee728b)
Start importing Assets/Characters/Warrior/Warrior Blue.prefab using Guid(3d7094a1663ab0a44ab8e11c1defd922) Importer(815301076,1909f56bfc062723c751e8b465ee728b)  -> (artifact id: '306c72074f8a8f67d201afd2406fe977') in 0.064209 seconds
  Import took 0.070265 seconds .

========================================================================
Received Import Request.
  Time since last request: 0.000211 seconds.
  path: Assets/Characters/Warrior/Warrior Red.prefab
  artifactKey: Guid(36e93c435d1648a4c86d516057a9cbe2) Importer(815301076,1909f56bfc062723c751e8b465ee728b)
Start importing Assets/Characters/Warrior/Warrior Red.prefab using Guid(36e93c435d1648a4c86d516057a9cbe2) Importer(815301076,1909f56bfc062723c751e8b465ee728b)  -> (artifact id: 'af8aa3552dd30a2ed1ed0c1d7a83393b') in 0.057285 seconds
  Import took 0.061730 seconds .

========================================================================
Received Import Request.
  Time since last request: 2.496211 seconds.
  path: Assets/Characters/Warrior/Warrior Blue.prefab
  artifactKey: Guid(3d7094a1663ab0a44ab8e11c1defd922) Importer(815301076,1909f56bfc062723c751e8b465ee728b)
Start importing Assets/Characters/Warrior/Warrior Blue.prefab using Guid(3d7094a1663ab0a44ab8e11c1defd922) Importer(815301076,1909f56bfc062723c751e8b465ee728b)  -> (artifact id: '145159684973866edbe9d8351c3c68f6') in 0.059192 seconds
  Import took 0.064535 seconds .

========================================================================
Received Import Request.
  Time since last request: 3.049769 seconds.
  path: Assets/Characters/Mage/Mage Blue.prefab
  artifactKey: Guid(4d4319dde2f198845ac34608a1013ffc) Importer(815301076,1909f56bfc062723c751e8b465ee728b)
Start importing Assets/Characters/Mage/Mage Blue.prefab using Guid(4d4319dde2f198845ac34608a1013ffc) Importer(815301076,1909f56bfc062723c751e8b465ee728b)  -> (artifact id: 'd89a7155ea9f954e084871d54b113633') in 0.147481 seconds
  Import took 0.154684 seconds .

========================================================================
Received Import Request.
  Time since last request: 0.000208 seconds.
  path: Assets/Characters/Mage/Mage Red.prefab
  artifactKey: Guid(ddbc89a2e5731354497399c2803d9354) Importer(815301076,1909f56bfc062723c751e8b465ee728b)
Start importing Assets/Characters/Mage/Mage Red.prefab using Guid(ddbc89a2e5731354497399c2803d9354) Importer(815301076,1909f56bfc062723c751e8b465ee728b)  -> (artifact id: '4072dc8444bb58005f355db88adde2d0') in 0.142666 seconds
  Import took 0.148608 seconds .

========================================================================
Received Import Request.
  Time since last request: 2.855343 seconds.
  path: Assets/Characters/Mage/Mage Blue.prefab
  artifactKey: Guid(4d4319dde2f198845ac34608a1013ffc) Importer(815301076,1909f56bfc062723c751e8b465ee728b)
Start importing Assets/Characters/Mage/Mage Blue.prefab using Guid(4d4319dde2f198845ac34608a1013ffc) Importer(815301076,1909f56bfc062723c751e8b465ee728b)  -> (artifact id: 'b89998fca65bafe01c9a2058760f7088') in 0.122658 seconds
  Import took 0.129715 seconds .

========================================================================
Received Prepare
Registering precompiled user dll's ...
Registered in 0.001842 seconds.
Begin MonoManager ReloadAssembly
Fallback handler could not load library /Applications/Unity/Hub/Editor/2020.3.0f1/Unity.app/Contents/Frameworks/Mono/lib/libKernel32
Fallback handler could not load library /Applications/Unity/Hub/Editor/2020.3.0f1/Unity.app/Contents/Frameworks/Mono/lib/libKernel32.dylib
Fallback handler could not load library /Applications/Unity/Hub/Editor/2020.3.0f1/Unity.app/Contents/Frameworks/Mono/lib/libKernel32.so
Fallback handler could not load library /Applications/Unity/Hub/Editor/2020.3.0f1/Unity.app/Contents/Frameworks/Mono/lib/libKernel32.bundle
Fallback handler could not load library /Applications/Unity/Hub/Editor/2020.3.0f1/Unity.app/Contents/Frameworks/Mono/lib/Kernel32
Fallback handler could not load library /Applications/Unity/Hub/Editor/2020.3.0f1/Unity.app/Contents/Frameworks/Mono/lib/libKernel32
Fallback handler could not load library /Applications/Unity/Hub/Editor/2020.3.0f1/Unity.app/Contents/Frameworks/Mono/lib/libKernel32.dylib
Fallback handler could not load library /Applications/Unity/Hub/Editor/2020.3.0f1/Unity.app/Contents/Frameworks/Mono/lib/libKernel32.so
Fallback handler could not load library /Applications/Unity/Hub/Editor/2020.3.0f1/Unity.app/Contents/Frameworks/Mono/lib/libKernel32.bundle
Fallback handler could not load library /Applications/Unity/Hub/Editor/2020.3.0f1/Unity.app/Contents/Frameworks/Mono/lib/libKernel32
Native extension for OSXStandalone target not found
Refreshing native plugins compatible for Editor in 0.42 ms, found 1 plugins.
Preloading 0 native plugins for Editor in 0.00 ms.
Invoked RoslynAnalysisRunner static constructor.
RoslynAnalysisRunner will not be running.
RoslynAnalysisRunner has terminated.
Mono: successfully reloaded assembly
- Completed reload, in  2.111 seconds
Platform modules already initialized, skipping
Shader 'Universal Render Pipeline/Particles/Lit': fallback shader 'Universal Render Pipeline/Particles/SimpleLit' not found
Refreshing native plugins compatible for Editor in 0.43 ms, found 1 plugins.
Preloading 0 native plugins for Editor in 0.00 ms.
Unloading 2842 Unused Serialized files (Serialized files now loaded: 0)
System memory in use before: 246.0 MB.
System memory in use after: 246.2 MB.

Unloading 13 unused Assets to reduce memory usage. Loaded Objects now: 3825.
Total: 2.280709 ms (FindLiveObjects: 0.221792 ms CreateObjectMapping: 0.068625 ms MarkObjects: 1.937292 ms  DeleteObjects: 0.052167 ms)

========================================================================
Received Import Request.
  Time since last request: 49.091415 seconds.
  path: Assets/Towers/BarracksTower/Barracks Tower Red.prefab
  artifactKey: Guid(dd280e7a9315109438464a3cda98bd43) Importer(815301076,1909f56bfc062723c751e8b465ee728b)
Start importing Assets/Towers/BarracksTower/Barracks Tower Red.prefab using Guid(dd280e7a9315109438464a3cda98bd43) Importer(815301076,1909f56bfc062723c751e8b465ee728b)  -> (artifact id: '7cf428be7c113674fc96708a6cd77312') in 0.609044 seconds
  Import took 0.617990 seconds .

========================================================================
Received Import Request.
  Time since last request: 0.000235 seconds.
  path: Assets/Towers/BarracksTower/Barracks Tower Blue.prefab
  artifactKey: Guid(0411bbd6c1ad5b84084f7036ccec0aba) Importer(815301076,1909f56bfc062723c751e8b465ee728b)
Start importing Assets/Towers/BarracksTower/Barracks Tower Blue.prefab using Guid(0411bbd6c1ad5b84084f7036ccec0aba) Importer(815301076,1909f56bfc062723c751e8b465ee728b)  -> (artifact id: '76c4b74460fdb5f6d977faa0feb3a161') in 0.126981 seconds
  Import took 0.136570 seconds .

========================================================================
Received Import Request.
  Time since last request: 2.592695 seconds.
  path: Assets/FX/Tower/Destruction/ArcherTower_Des_111.fbx
  artifactKey: Guid(32e414ff1ed67c74d9978832c80899c0) Importer(815301076,1909f56bfc062723c751e8b465ee728b)
Start importing Assets/FX/Tower/Destruction/ArcherTower_Des_111.fbx using Guid(32e414ff1ed67c74d9978832c80899c0) Importer(815301076,1909f56bfc062723c751e8b465ee728b)  -> (artifact id: '98cd685c8a13c2e978fb5f1843e6e28f') in 0.865015 seconds
  Import took 0.872436 seconds .

========================================================================
Received Import Request.
  Time since last request: 0.000215 seconds.
  path: Assets/FX/Tower/Construction Version 1/Models/BarrackTower_Stage2_Con_001_square.fbx
  artifactKey: Guid(3fc78f8cdd9f2f948bf61928e70df8c3) Importer(815301076,1909f56bfc062723c751e8b465ee728b)
Start importing Assets/FX/Tower/Construction Version 1/Models/BarrackTower_Stage2_Con_001_square.fbx using Guid(3fc78f8cdd9f2f948bf61928e70df8c3) Importer(815301076,1909f56bfc062723c751e8b465ee728b)  -> (artifact id: '40700d59f72a31e4f54459fd5a92ee01') in 0.104172 seconds
  Import took 0.108101 seconds .

========================================================================
Received Import Request.
  Time since last request: 0.000254 seconds.
  path: Assets/FX/Tower/Construction Version 1/Models/BarrackTower_Stage4_Con_001_square.fbx
  artifactKey: Guid(0ae34f8675585c44dbd8516648ad43e3) Importer(815301076,1909f56bfc062723c751e8b465ee728b)
Start importing Assets/FX/Tower/Construction Version 1/Models/BarrackTower_Stage4_Con_001_square.fbx using Guid(0ae34f8675585c44dbd8516648ad43e3) Importer(815301076,1909f56bfc062723c751e8b465ee728b)  -> (artifact id: '841fa1a942162bb629a6de6728f1c3c3') in 0.039797 seconds
  Import took 0.043624 seconds .

========================================================================
Received Import Request.
  Time since last request: 0.000201 seconds.
  path: Assets/Characters/Mage/Animations/Mage_Gethit.fbx
  artifactKey: Guid(6f81952372b06cf468354efc77feca8e) Importer(815301076,1909f56bfc062723c751e8b465ee728b)
Start importing Assets/Characters/Mage/Animations/Mage_Gethit.fbx using Guid(6f81952372b06cf468354efc77feca8e) Importer(815301076,1909f56bfc062723c751e8b465ee728b)  -> (artifact id: '89ab8f1d57cf24674a1db6dd156ffc26') in 0.007767 seconds
  Import took 0.011945 seconds .

========================================================================
Received Import Request.
  Time since last request: 0.000230 seconds.
  path: Assets/FX/Tower/Destruction/MagicTower_Des_111.fbx
  artifactKey: Guid(207bda795f5271540b3f6443a1ad73f8) Importer(815301076,1909f56bfc062723c751e8b465ee728b)
Start importing Assets/FX/Tower/Destruction/MagicTower_Des_111.fbx using Guid(207bda795f5271540b3f6443a1ad73f8) Importer(815301076,1909f56bfc062723c751e8b465ee728b)  -> (artifact id: '8c56b74a1beaf0054a3a619a642f5396') in 0.755627 seconds
  Import took 0.763239 seconds .

========================================================================
Received Import Request.
  Time since last request: 0.000267 seconds.
  path: Assets/FX/Tower/Construction Version 1/Models/ArcherTower_Stage1_Con_001.fbx
  artifactKey: Guid(46246b82005583247b10cb61efe06e61) Importer(815301076,1909f56bfc062723c751e8b465ee728b)
Start importing Assets/FX/Tower/Construction Version 1/Models/ArcherTower_Stage1_Con_001.fbx using Guid(46246b82005583247b10cb61efe06e61) Importer(815301076,1909f56bfc062723c751e8b465ee728b)  -> (artifact id: 'a56b05692a6411be7a41c8673a035dc0') in 0.060410 seconds
  Import took 0.064851 seconds .

========================================================================
Received Import Request.
  Time since last request: 0.000218 seconds.
  path: Assets/FX/Tower/Construction Version 1/Models/ArcherTower_Stage3_Con_001.fbx
  artifactKey: Guid(c1a7b563b83862041a3240639c359164) Importer(815301076,1909f56bfc062723c751e8b465ee728b)
Start importing Assets/FX/Tower/Construction Version 1/Models/ArcherTower_Stage3_Con_001.fbx using Guid(c1a7b563b83862041a3240639c359164) Importer(815301076,1909f56bfc062723c751e8b465ee728b)  -> (artifact id: '2c79f8caceb1a05bb9edc21d43e3b34a') in 0.045583 seconds
  Import took 0.049305 seconds .

========================================================================
Received Import Request.
  Time since last request: 0.000191 seconds.
  path: Assets/FX/Tower/Construction Version 1/Models/ArcherTower_Stage4_Con_001.fbx
  artifactKey: Guid(26420626d0ec44147a5058ced83946f3) Importer(815301076,1909f56bfc062723c751e8b465ee728b)
Start importing Assets/FX/Tower/Construction Version 1/Models/ArcherTower_Stage4_Con_001.fbx using Guid(26420626d0ec44147a5058ced83946f3) Importer(815301076,1909f56bfc062723c751e8b465ee728b)  -> (artifact id: '61f321a102c980755815d18ba642ca0e') in 0.038927 seconds
  Import took 0.042675 seconds .

========================================================================
Received Import Request.
  Time since last request: 0.000180 seconds.
  path: Assets/FX/Tower/Destruction/BarracksTower_Des_111.fbx
  artifactKey: Guid(07a543839ac76014f9c907aa7ac985be) Importer(815301076,1909f56bfc062723c751e8b465ee728b)
Start importing Assets/FX/Tower/Destruction/BarracksTower_Des_111.fbx using Guid(07a543839ac76014f9c907aa7ac985be) Importer(815301076,1909f56bfc062723c751e8b465ee728b)  -> (artifact id: '32730647974d8175ff4e6c432971201a') in 1.266908 seconds
  Import took 1.274950 seconds .

========================================================================
Received Import Request.
  Time since last request: 0.000209 seconds.
  path: Assets/Particles/Materials/SmokeSingle.mat
  artifactKey: Guid(183f0fd4b11a345878268568cd9b85d9) Importer(815301076,1909f56bfc062723c751e8b465ee728b)
Start importing Assets/Particles/Materials/SmokeSingle.mat using Guid(183f0fd4b11a345878268568cd9b85d9) Importer(815301076,1909f56bfc062723c751e8b465ee728b)  -> (artifact id: '567f1dc4b58e0cec6ef53b46535268c9') in 0.009768 seconds
  Import took 0.014023 seconds .

========================================================================
Received Import Request.
  Time since last request: 0.000224 seconds.
  path: Assets/FX/Tower/Construction Version 1/Models/BarrackTower_Stage3_Con_001_square.fbx
  artifactKey: Guid(188c54378b7d4754c85862e7af2e75f3) Importer(815301076,1909f56bfc062723c751e8b465ee728b)
Start importing Assets/FX/Tower/Construction Version 1/Models/BarrackTower_Stage3_Con_001_square.fbx using Guid(188c54378b7d4754c85862e7af2e75f3) Importer(815301076,1909f56bfc062723c751e8b465ee728b)  -> (artifact id: '781ff4a02745ba95dd850107c507aa3b') in 0.055106 seconds
  Import took 0.060513 seconds .

========================================================================
Received Import Request.
  Time since last request: 0.000195 seconds.
  path: Assets/FX/Tower/Construction Version 1/Models/BarrackTower_Stage1_Con_001_square.fbx
  artifactKey: Guid(3c536ed7c6d6e2a4199fe67c3221b9dc) Importer(815301076,1909f56bfc062723c751e8b465ee728b)
Start importing Assets/FX/Tower/Construction Version 1/Models/BarrackTower_Stage1_Con_001_square.fbx using Guid(3c536ed7c6d6e2a4199fe67c3221b9dc) Importer(815301076,1909f56bfc062723c751e8b465ee728b)  -> (artifact id: '5e4f5b485f57bb488aa297fc8e37626f') in 0.041023 seconds
  Import took 0.045025 seconds .

========================================================================
Received Import Request.
  Time since last request: 0.000217 seconds.
  path: Assets/Characters/Mage/Animations/Mage_Die.fbx
  artifactKey: Guid(88e92d2ba6fd8ca419d26ccdf007ba3f) Importer(815301076,1909f56bfc062723c751e8b465ee728b)
Start importing Assets/Characters/Mage/Animations/Mage_Die.fbx using Guid(88e92d2ba6fd8ca419d26ccdf007ba3f) Importer(815301076,1909f56bfc062723c751e8b465ee728b)  -> (artifact id: '7400f534bd4e4bed10bd7581dfdd9658') in 0.009029 seconds
  Import took 0.013168 seconds .

========================================================================
Received Import Request.
  Time since last request: 0.000195 seconds.
  path: Assets/Characters/Mage/Animations/Mage_Idle.fbx
  artifactKey: Guid(97459916597534b47a6cd5d9fd212540) Importer(815301076,1909f56bfc062723c751e8b465ee728b)
Start importing Assets/Characters/Mage/Animations/Mage_Idle.fbx using Guid(97459916597534b47a6cd5d9fd212540) Importer(815301076,1909f56bfc062723c751e8b465ee728b)  -> (artifact id: 'cac7511dd24fe5cc2e268bbda2340a2b') in 0.011972 seconds
  Import took 0.015697 seconds .

========================================================================
Received Import Request.
  Time since last request: 0.000197 seconds.
  path: Assets/Characters/Mage/Animations/Mage_Attack.fbx
  artifactKey: Guid(ed975bcdf6dc9df488ada744ecc82be0) Importer(815301076,1909f56bfc062723c751e8b465ee728b)
Start importing Assets/Characters/Mage/Animations/Mage_Attack.fbx using Guid(ed975bcdf6dc9df488ada744ecc82be0) Importer(815301076,1909f56bfc062723c751e8b465ee728b)  -> (artifact id: '0964932e914f93fb61907091b96e1b8f') in 0.007812 seconds
  Import took 0.011768 seconds .

========================================================================
Received Import Request.
  Time since last request: 0.000192 seconds.
  path: Assets/Characters/Mage/Model/Mage_Bindpose.fbx
  artifactKey: Guid(77690ce519ab13e4aab93a59e5573892) Importer(815301076,1909f56bfc062723c751e8b465ee728b)
Start importing Assets/Characters/Mage/Model/Mage_Bindpose.fbx using Guid(77690ce519ab13e4aab93a59e5573892) Importer(815301076,1909f56bfc062723c751e8b465ee728b)  -> (artifact id: 'e9e07d423b81bb3e68d1b7c88c5d47f2') in 0.063869 seconds
  Import took 0.068273 seconds .

========================================================================
Received Import Request.
  Time since last request: 0.000224 seconds.
  path: Assets/Characters/Mage/Model/Mage_sphere_placeholder.fbx
  artifactKey: Guid(7df951689f252b64fa47b11c0f492e47) Importer(815301076,1909f56bfc062723c751e8b465ee728b)
Start importing Assets/Characters/Mage/Model/Mage_sphere_placeholder.fbx using Guid(7df951689f252b64fa47b11c0f492e47) Importer(815301076,1909f56bfc062723c751e8b465ee728b)  -> (artifact id: 'f778c33f7ee691cecf7b182c9c84b366') in 0.015381 seconds
  Import took 0.019355 seconds .

========================================================================
Received Import Request.
  Time since last request: 0.000232 seconds.
  path: Assets/FX/Tower/Construction Version 1/Models/ArcherTower_Stage2_Con_001.fbx
  artifactKey: Guid(2bfc43c88061c1043a439480a2be956a) Importer(815301076,1909f56bfc062723c751e8b465ee728b)
Start importing Assets/FX/Tower/Construction Version 1/Models/ArcherTower_Stage2_Con_001.fbx using Guid(2bfc43c88061c1043a439480a2be956a) Importer(815301076,1909f56bfc062723c751e8b465ee728b)  -> (artifact id: 'ca88f90418e7e9cf9a1691069bdc4e94') in 0.045262 seconds
  Import took 0.049086 seconds .

========================================================================
Received Import Request.
  Time since last request: 0.000200 seconds.
  path: Assets/Characters/Mage/Animations/Mage_Run.fbx
  artifactKey: Guid(8145575cbab627c478df040567a1a2c1) Importer(815301076,1909f56bfc062723c751e8b465ee728b)
Start importing Assets/Characters/Mage/Animations/Mage_Run.fbx using Guid(8145575cbab627c478df040567a1a2c1) Importer(815301076,1909f56bfc062723c751e8b465ee728b)  -> (artifact id: '1ce54795382193375731a225de56da0e') in 0.007165 seconds
  Import took 0.011745 seconds .

========================================================================
Received Import Request.
  Time since last request: 15.338232 seconds.
  path: Assets/Characters/Archer/Animations/Controller/Archer.overrideController
  artifactKey: Guid(2efa327a0a6eb4dcaa4d0e42706e9edc) Importer(815301076,1909f56bfc062723c751e8b465ee728b)
Start importing Assets/Characters/Archer/Animations/Controller/Archer.overrideController using Guid(2efa327a0a6eb4dcaa4d0e42706e9edc) Importer(815301076,1909f56bfc062723c751e8b465ee728b)  -> (artifact id: '9905aebd3ea7488581bfe46c4630b559') in 0.203291 seconds
  Import took 0.209336 seconds .

========================================================================
Received Import Request.
  Time since last request: 0.001939 seconds.
  path: Assets/Characters/Archer/Animations/Controller/Archer.overrideController
  artifactKey: Guid(2efa327a0a6eb4dcaa4d0e42706e9edc) Importer(815301076,1909f56bfc062723c751e8b465ee728b)
Start importing Assets/Characters/Archer/Animations/Controller/Archer.overrideController using Guid(2efa327a0a6eb4dcaa4d0e42706e9edc) Importer(815301076,1909f56bfc062723c751e8b465ee728b)  -> (artifact id: '9905aebd3ea7488581bfe46c4630b559') in 0.110372 seconds
  Import took 0.115343 seconds .

========================================================================
Received Prepare
Registering precompiled user dll's ...
Registered in 0.006447 seconds.
Begin MonoManager ReloadAssembly
Fallback handler could not load library /Applications/Unity/Hub/Editor/2020.3.0f1/Unity.app/Contents/Frameworks/Mono/lib/libKernel32
Fallback handler could not load library /Applications/Unity/Hub/Editor/2020.3.0f1/Unity.app/Contents/Frameworks/Mono/lib/libKernel32.dylib
Fallback handler could not load library /Applications/Unity/Hub/Editor/2020.3.0f1/Unity.app/Contents/Frameworks/Mono/lib/libKernel32.so
Fallback handler could not load library /Applications/Unity/Hub/Editor/2020.3.0f1/Unity.app/Contents/Frameworks/Mono/lib/libKernel32.bundle
Fallback handler could not load library /Applications/Unity/Hub/Editor/2020.3.0f1/Unity.app/Contents/Frameworks/Mono/lib/Kernel32
Fallback handler could not load library /Applications/Unity/Hub/Editor/2020.3.0f1/Unity.app/Contents/Frameworks/Mono/lib/libKernel32
Fallback handler could not load library /Applications/Unity/Hub/Editor/2020.3.0f1/Unity.app/Contents/Frameworks/Mono/lib/libKernel32.dylib
Fallback handler could not load library /Applications/Unity/Hub/Editor/2020.3.0f1/Unity.app/Contents/Frameworks/Mono/lib/libKernel32.so
Fallback handler could not load library /Applications/Unity/Hub/Editor/2020.3.0f1/Unity.app/Contents/Frameworks/Mono/lib/libKernel32.bundle
Fallback handler could not load library /Applications/Unity/Hub/Editor/2020.3.0f1/Unity.app/Contents/Frameworks/Mono/lib/libKernel32
Native extension for OSXStandalone target not found
Refreshing native plugins compatible for Editor in 0.43 ms, found 1 plugins.
Preloading 0 native plugins for Editor in 0.00 ms.
Invoked RoslynAnalysisRunner static constructor.
RoslynAnalysisRunner will not be running.
RoslynAnalysisRunner has terminated.
Mono: successfully reloaded assembly
- Completed reload, in  2.098 seconds
Platform modules already initialized, skipping
Shader 'Universal Render Pipeline/Particles/Lit': fallback shader 'Universal Render Pipeline/Particles/SimpleLit' not found
Refreshing native plugins compatible for Editor in 0.42 ms, found 1 plugins.
Preloading 0 native plugins for Editor in 0.00 ms.
Unloading 2842 Unused Serialized files (Serialized files now loaded: 0)
System memory in use before: 266.1 MB.
System memory in use after: 266.4 MB.

Unloading 8 unused Assets to reduce memory usage. Loaded Objects now: 3868.
Total: 2.682958 ms (FindLiveObjects: 0.243584 ms CreateObjectMapping: 0.070458 ms MarkObjects: 2.335667 ms  DeleteObjects: 0.032500 ms)

========================================================================
Received Import Request.
  Time since last request: 264.660204 seconds.
  path: Assets/Characters/Warrior/Animations
  artifactKey: Guid(100f811004f0d60469104deec37cae4a) Importer(815301076,1909f56bfc062723c751e8b465ee728b)
Start importing Assets/Characters/Warrior/Animations using Guid(100f811004f0d60469104deec37cae4a) Importer(815301076,1909f56bfc062723c751e8b465ee728b)  -> (artifact id: 'd30f01d03706e941095fa01c8c3bc491') in 0.009317 seconds
  Import took 0.016228 seconds .

========================================================================
Received Import Request.
  Time since last request: 0.187664 seconds.
  path: Assets/Characters/Warrior/Animations/Warrior_attack.fbx
  artifactKey: Guid(5b28467562159df48affb3f414d8e8ea) Importer(815301076,1909f56bfc062723c751e8b465ee728b)
Start importing Assets/Characters/Warrior/Animations/Warrior_attack.fbx using Guid(5b28467562159df48affb3f414d8e8ea) Importer(815301076,1909f56bfc062723c751e8b465ee728b)  -> (artifact id: '0b1a1866385ac358e78620267fde428b') in 0.083673 seconds
  Import took 0.090118 seconds .

========================================================================
Received Import Request.
  Time since last request: 0.000234 seconds.
  path: Assets/Characters/Warrior/Animations/Warrior_die.fbx
  artifactKey: Guid(3097e307c4bd26d429d44f28d4682f9a) Importer(815301076,1909f56bfc062723c751e8b465ee728b)
Start importing Assets/Characters/Warrior/Animations/Warrior_die.fbx using Guid(3097e307c4bd26d429d44f28d4682f9a) Importer(815301076,1909f56bfc062723c751e8b465ee728b)  -> (artifact id: 'bb141920acfcaa3d2d5f37923082b603') in 0.007697 seconds
  Import took 0.011935 seconds .

========================================================================
Received Import Request.
  Time since last request: 0.000214 seconds.
  path: Assets/Characters/Warrior/Animations/Warrior_Gethit.fbx
  artifactKey: Guid(ff364b9c739cf4348b853c1de981d7c9) Importer(815301076,1909f56bfc062723c751e8b465ee728b)
Start importing Assets/Characters/Warrior/Animations/Warrior_Gethit.fbx using Guid(ff364b9c739cf4348b853c1de981d7c9) Importer(815301076,1909f56bfc062723c751e8b465ee728b)  -> (artifact id: 'b162d822e7e398a02b0dbb930bbe3764') in 0.006286 seconds
  Import took 0.011689 seconds .

========================================================================
Received Import Request.
  Time since last request: 0.000219 seconds.
  path: Assets/Characters/Warrior/Animations/Warrior_Idle.fbx
  artifactKey: Guid(08dcd917cbcd8df4c852987b649b643c) Importer(815301076,1909f56bfc062723c751e8b465ee728b)
Start importing Assets/Characters/Warrior/Animations/Warrior_Idle.fbx using Guid(08dcd917cbcd8df4c852987b649b643c) Importer(815301076,1909f56bfc062723c751e8b465ee728b)  -> (artifact id: '9d882dff6f96e7a028adbf81f76b8f30') in 0.007898 seconds
  Import took 0.011914 seconds .

========================================================================
Received Import Request.
  Time since last request: 0.000352 seconds.
  path: Assets/Characters/Warrior/Animations/Warrior_Run.fbx
  artifactKey: Guid(d95ff3ad3e3bb7f4fada1c33e41531f3) Importer(815301076,1909f56bfc062723c751e8b465ee728b)
Start importing Assets/Characters/Warrior/Animations/Warrior_Run.fbx using Guid(d95ff3ad3e3bb7f4fada1c33e41531f3) Importer(815301076,1909f56bfc062723c751e8b465ee728b)  -> (artifact id: '87096980c19c848121a2d264c3a2b0a8') in 0.006245 seconds
  Import took 0.010872 seconds .

========================================================================
Received Import Request.
  Time since last request: 7.612248 seconds.
  path: Assets/Characters/Warrior/Animations/Controller/Warrior.controller
  artifactKey: Guid(37594f01984414613b3ba897e300f3e9) Importer(815301076,1909f56bfc062723c751e8b465ee728b)
Start importing Assets/Characters/Warrior/Animations/Controller/Warrior.controller using Guid(37594f01984414613b3ba897e300f3e9) Importer(815301076,1909f56bfc062723c751e8b465ee728b)  -> (artifact id: '93964a74bf9e6a5ce7b6090d50d5fa7d') in 0.166946 seconds
  Import took 0.173951 seconds .

========================================================================
Received Import Request.
  Time since last request: 67.153235 seconds.
  path: Assets/Characters/Mage/Animations/Controller/Mage.overrideController
  artifactKey: Guid(0341c2063d5404e388b8180fa8e4f7cd) Importer(815301076,1909f56bfc062723c751e8b465ee728b)
Start importing Assets/Characters/Mage/Animations/Controller/Mage.overrideController using Guid(0341c2063d5404e388b8180fa8e4f7cd) Importer(815301076,1909f56bfc062723c751e8b465ee728b)  -> (artifact id: '6dbc7ff413839891804200781cc72441') in 0.136315 seconds
  Import took 0.150318 seconds .

========================================================================
Received Import Request.
  Time since last request: 0.003617 seconds.
  path: Assets/Characters/Mage/Animations/Controller/Mage.overrideController
  artifactKey: Guid(0341c2063d5404e388b8180fa8e4f7cd) Importer(815301076,1909f56bfc062723c751e8b465ee728b)
Start importing Assets/Characters/Mage/Animations/Controller/Mage.overrideController using Guid(0341c2063d5404e388b8180fa8e4f7cd) Importer(815301076,1909f56bfc062723c751e8b465ee728b)  -> (artifact id: '6dbc7ff413839891804200781cc72441') in 0.100858 seconds
  Import took 0.106110 seconds .

========================================================================
Received Prepare
Registering precompiled user dll's ...
Registered in 0.002308 seconds.
Begin MonoManager ReloadAssembly
Fallback handler could not load library /Applications/Unity/Hub/Editor/2020.3.0f1/Unity.app/Contents/Frameworks/Mono/lib/libKernel32
Fallback handler could not load library /Applications/Unity/Hub/Editor/2020.3.0f1/Unity.app/Contents/Frameworks/Mono/lib/libKernel32.dylib
Fallback handler could not load library /Applications/Unity/Hub/Editor/2020.3.0f1/Unity.app/Contents/Frameworks/Mono/lib/libKernel32.so
Fallback handler could not load library /Applications/Unity/Hub/Editor/2020.3.0f1/Unity.app/Contents/Frameworks/Mono/lib/libKernel32.bundle
Fallback handler could not load library /Applications/Unity/Hub/Editor/2020.3.0f1/Unity.app/Contents/Frameworks/Mono/lib/Kernel32
Fallback handler could not load library /Applications/Unity/Hub/Editor/2020.3.0f1/Unity.app/Contents/Frameworks/Mono/lib/libKernel32
Fallback handler could not load library /Applications/Unity/Hub/Editor/2020.3.0f1/Unity.app/Contents/Frameworks/Mono/lib/libKernel32.dylib
Fallback handler could not load library /Applications/Unity/Hub/Editor/2020.3.0f1/Unity.app/Contents/Frameworks/Mono/lib/libKernel32.so
Fallback handler could not load library /Applications/Unity/Hub/Editor/2020.3.0f1/Unity.app/Contents/Frameworks/Mono/lib/libKernel32.bundle
Fallback handler could not load library /Applications/Unity/Hub/Editor/2020.3.0f1/Unity.app/Contents/Frameworks/Mono/lib/libKernel32
Native extension for OSXStandalone target not found
Refreshing native plugins compatible for Editor in 0.60 ms, found 1 plugins.
Preloading 0 native plugins for Editor in 0.00 ms.
Invoked RoslynAnalysisRunner static constructor.
RoslynAnalysisRunner will not be running.
RoslynAnalysisRunner has terminated.
Mono: successfully reloaded assembly
- Completed reload, in  2.059 seconds
Platform modules already initialized, skipping
Shader 'Universal Render Pipeline/Particles/Lit': fallback shader 'Universal Render Pipeline/Particles/SimpleLit' not found
Refreshing native plugins compatible for Editor in 0.43 ms, found 1 plugins.
Preloading 0 native plugins for Editor in 0.00 ms.
Unloading 2842 Unused Serialized files (Serialized files now loaded: 0)
System memory in use before: 271.2 MB.
System memory in use after: 271.4 MB.

Unloading 8 unused Assets to reduce memory usage. Loaded Objects now: 3871.
Total: 1.831417 ms (FindLiveObjects: 0.216875 ms CreateObjectMapping: 0.095000 ms MarkObjects: 1.490750 ms  DeleteObjects: 0.028042 ms)

========================================================================
Received Import Request.
  Time since last request: 56.726219 seconds.
  path: Assets/Characters/Mage/Animations/Controller/Mage.overrideController
  artifactKey: Guid(0341c2063d5404e388b8180fa8e4f7cd) Importer(815301076,1909f56bfc062723c751e8b465ee728b)
Start importing Assets/Characters/Mage/Animations/Controller/Mage.overrideController using Guid(0341c2063d5404e388b8180fa8e4f7cd) Importer(815301076,1909f56bfc062723c751e8b465ee728b)  -> (artifact id: 'cea013aacf0cdbe8ead70d06d6ca1c62') in 0.049231 seconds
  Import took 0.054681 seconds .

