Using pre-set license

 COMMAND LINE ARGUMENTS:
/Applications/Unity/Hub/Editor/2020.3.0f1/Unity.app/Contents/MacOS/Unity
-adb2
-batchMode
-noUpm
-name
AssetImportWorker1
-projectPath
/Users/florent/Desktop/EPITA/PROJET/github/projectS2/BeforeDawn/111
-logFile
Logs/AssetImportWorker1.log
-srvPort
50158
Successfully changed project path to: /Users/florent/Desktop/EPITA/PROJET/github/projectS2/BeforeDawn/111
/Users/florent/Desktop/EPITA/PROJET/github/projectS2/BeforeDawn/111
Using Asset Import Pipeline V2.
Refreshing native plugins compatible for Editor in 50.50 ms, found 1 plugins.
Preloading 0 native plugins for Editor in 0.00 ms.
Initialize engine version: 2020.3.0f1 (c7b5465681fb)
[Subsystems] Discovering subsystems at path /Applications/Unity/Hub/Editor/2020.3.0f1/Unity.app/Contents/Resources/UnitySubsystems
[Subsystems] Discovering subsystems at path /Users/florent/Desktop/EPITA/PROJET/github/projectS2/BeforeDawn/111/Assets
GfxDevice: creating device client; threaded=0
2023-04-14 15:02:56.785 Unity[4555:161063] (null) preferred device: Apple M1 (high power)
2023-04-14 15:02:56.785 Unity[4555:161063] Metal devices available: 1
2023-04-14 15:02:56.785 Unity[4555:161063] 0: Apple M1 (high power)
2023-04-14 15:02:56.786 Unity[4555:161063] Using device Apple M1 (high power)
Initializing Metal device caps: Apple M1
Shader 'Universal Render Pipeline/Particles/Lit': fallback shader 'Universal Render Pipeline/Particles/SimpleLit' not found
Initialize mono
Mono path[0] = '/Applications/Unity/Hub/Editor/2020.3.0f1/Unity.app/Contents/Managed'
Mono path[1] = '/Applications/Unity/Hub/Editor/2020.3.0f1/Unity.app/Contents/MonoBleedingEdge/lib/mono/unityjit'
Mono config path = '/Applications/Unity/Hub/Editor/2020.3.0f1/Unity.app/Contents/MonoBleedingEdge/etc'
Using monoOptions --debugger-agent=transport=dt_socket,embedding=1,server=y,suspend=n,address=127.0.0.1:56555
Begin MonoManager ReloadAssembly
Registering precompiled unity dll's ...
Register platform support module: /Applications/Unity/Hub/Editor/2020.3.0f1/Unity.app/Contents/PlaybackEngines/MacStandaloneSupport/UnityEditor.OSXStandalone.Extensions.dll
Registered in 0.000946 seconds.
Native extension for OSXStandalone target not found
Refreshing native plugins compatible for Editor in 47.68 ms, found 1 plugins.
Preloading 0 native plugins for Editor in 0.00 ms.
Invoked RoslynAnalysisRunner static constructor.
RoslynAnalysisRunner will not be running.
RoslynAnalysisRunner has terminated.
Mono: successfully reloaded assembly
- Completed reload, in  1.954 seconds
Platform modules already initialized, skipping
Registering precompiled user dll's ...
Registered in 0.001236 seconds.
Begin MonoManager ReloadAssembly
Native extension for OSXStandalone target not found
Refreshing native plugins compatible for Editor in 60.43 ms, found 1 plugins.
Preloading 0 native plugins for Editor in 0.00 ms.
Invoked RoslynAnalysisRunner static constructor.
RoslynAnalysisRunner will not be running.
RoslynAnalysisRunner has terminated.
Fallback handler could not load library /Applications/Unity/Hub/Editor/2020.3.0f1/Unity.app/Contents/Frameworks/Mono/lib/libKernel32
Fallback handler could not load library /Applications/Unity/Hub/Editor/2020.3.0f1/Unity.app/Contents/Frameworks/Mono/lib/libKernel32.dylib
Fallback handler could not load library /Applications/Unity/Hub/Editor/2020.3.0f1/Unity.app/Contents/Frameworks/Mono/lib/libKernel32.so
Fallback handler could not load library /Applications/Unity/Hub/Editor/2020.3.0f1/Unity.app/Contents/Frameworks/Mono/lib/libKernel32.bundle
Fallback handler could not load library /Applications/Unity/Hub/Editor/2020.3.0f1/Unity.app/Contents/Frameworks/Mono/lib/Kernel32
Fallback handler could not load library /Applications/Unity/Hub/Editor/2020.3.0f1/Unity.app/Contents/Frameworks/Mono/lib/libKernel32
Fallback handler could not load library /Applications/Unity/Hub/Editor/2020.3.0f1/Unity.app/Contents/Frameworks/Mono/lib/libKernel32.dylib
Fallback handler could not load library /Applications/Unity/Hub/Editor/2020.3.0f1/Unity.app/Contents/Frameworks/Mono/lib/libKernel32.so
Fallback handler could not load library /Applications/Unity/Hub/Editor/2020.3.0f1/Unity.app/Contents/Frameworks/Mono/lib/libKernel32.bundle
Fallback handler could not load library /Applications/Unity/Hub/Editor/2020.3.0f1/Unity.app/Contents/Frameworks/Mono/lib/libKernel32
Mono: successfully reloaded assembly
- Completed reload, in  2.177 seconds
Platform modules already initialized, skipping
========================================================================
Worker process is ready to serve import requests
Switching render pipeline 00000000000000000000000000000000 -> 98c892edbed8e457d8984aa3ec9beb03
Shader 'Universal Render Pipeline/Particles/Lit': fallback shader 'Universal Render Pipeline/Particles/SimpleLit' not found
Launching external process: /Applications/Unity/Hub/Editor/2020.3.0f1/Unity.app/Contents/Tools/UnityShaderCompiler
Launched and connected shader compiler UnityShaderCompiler after 0.16 seconds
Refreshing native plugins compatible for Editor in 0.58 ms, found 1 plugins.
Preloading 0 native plugins for Editor in 0.00 ms.
Unloading 3007 Unused Serialized files (Serialized files now loaded: 0)
System memory in use before: 214.1 MB.
System memory in use after: 214.4 MB.

Unloading 17 unused Assets to reduce memory usage. Loaded Objects now: 3750.
Total: 3.226292 ms (FindLiveObjects: 0.357541 ms CreateObjectMapping: 0.094209 ms MarkObjects: 2.515541 ms  DeleteObjects: 0.257917 ms)

========================================================================
Received Import Request.
  path: Assets/try/GameData/Unit/AiData.cs
  artifactKey: Guid(2901afc1825054fbfb1e2ccb7377328e) Importer(815301076,1909f56bfc062723c751e8b465ee728b)
Start importing Assets/try/GameData/Unit/AiData.cs using Guid(2901afc1825054fbfb1e2ccb7377328e) Importer(815301076,1909f56bfc062723c751e8b465ee728b)  -> (artifact id: '4b996858494fec0454caa29ec96f5fbd') in 0.403285 seconds
  Import took 0.408290 seconds .

========================================================================
Received Import Request.
  Time since last request: 3.224236 seconds.
  path: Assets/try/GameData/Unit/AiData.cs
  artifactKey: Guid(2901afc1825054fbfb1e2ccb7377328e) Importer(815301076,1909f56bfc062723c751e8b465ee728b)
Start importing Assets/try/GameData/Unit/AiData.cs using Guid(2901afc1825054fbfb1e2ccb7377328e) Importer(815301076,1909f56bfc062723c751e8b465ee728b)  -> (artifact id: '4b996858494fec0454caa29ec96f5fbd') in 0.002182 seconds
  Import took 0.008179 seconds .

