Using pre-set license
Built from '2021.2/staging' branch; Version is '2021.2.7f1 (6bd9e232123f) revision 7068130'; Using compiler version '192829333'; Build Type 'Release'
OS: 'Windows 11  (10.0.22621) 64bit Core' Language: 'fr' Physical Memory: 15773 MB
BatchMode: 1, IsHumanControllingUs: 0, StartBugReporterOnCrash: 0, Is64bit: 1, IsPro: 0

COMMAND LINE ARGUMENTS:
C:\Program Files\Unity\Hub\Editor\2021.2.7f1\Editor\Unity.exe
-adb2
-batchMode
-noUpm
-name
AssetImportWorker0
-projectPath
C:/Users/linfr/Downloads/Epita/Project_S2/BeforeDawn/BeforeDawn
-logFile
Logs/AssetImportWorker0.log
-srvPort
62325
Successfully changed project path to: C:/Users/linfr/Downloads/Epita/Project_S2/BeforeDawn/BeforeDawn
C:/Users/linfr/Downloads/Epita/Project_S2/BeforeDawn/BeforeDawn
[UnityMemory] Configuration Parameters - Can be set up in boot.config
    "memorysetup-bucket-allocator-granularity=16"
    "memorysetup-bucket-allocator-bucket-count=8"
    "memorysetup-bucket-allocator-block-size=33554432"
    "memorysetup-bucket-allocator-block-count=8"
    "memorysetup-main-allocator-block-size=16777216"
    "memorysetup-thread-allocator-block-size=16777216"
    "memorysetup-gfx-main-allocator-block-size=16777216"
    "memorysetup-gfx-thread-allocator-block-size=16777216"
    "memorysetup-cache-allocator-block-size=4194304"
    "memorysetup-typetree-allocator-block-size=2097152"
    "memorysetup-profiler-bucket-allocator-granularity=16"
    "memorysetup-profiler-bucket-allocator-bucket-count=8"
    "memorysetup-profiler-bucket-allocator-block-size=33554432"
    "memorysetup-profiler-bucket-allocator-block-count=8"
    "memorysetup-profiler-allocator-block-size=16777216"
    "memorysetup-profiler-editor-allocator-block-size=1048576"
    "memorysetup-temp-allocator-size-main=16777216"
    "memorysetup-job-temp-allocator-block-size=2097152"
    "memorysetup-job-temp-allocator-block-size-background=1048576"
    "memorysetup-job-temp-allocator-reduction-small-platforms=262144"
    "memorysetup-temp-allocator-size-background-worker=32768"
    "memorysetup-temp-allocator-size-job-worker=262144"
    "memorysetup-temp-allocator-size-preload-manager=33554432"
    "memorysetup-temp-allocator-size-nav-mesh-worker=65536"
    "memorysetup-temp-allocator-size-audio-worker=65536"
    "memorysetup-temp-allocator-size-cloud-worker=32768"
    "memorysetup-temp-allocator-size-gi-baking-worker=262144"
    "memorysetup-temp-allocator-size-gfx=262144"
Refreshing native plugins compatible for Editor in 159.53 ms, found 3 plugins.
Preloading 0 native plugins for Editor in 0.00 ms.
Initialize engine version: 2021.2.7f1 (6bd9e232123f)
[Subsystems] Discovering subsystems at path C:/Program Files/Unity/Hub/Editor/2021.2.7f1/Editor/Data/Resources/UnitySubsystems
[Subsystems] Discovering subsystems at path C:/Users/linfr/Downloads/Epita/Project_S2/BeforeDawn/BeforeDawn/Assets
GfxDevice: creating device client; threaded=0; jobified=0
Direct3D:
    Version:  Direct3D 11.0 [level 11.1]
    Renderer: AMD Radeon (TM) Graphics (ID=0x15e7)
    Vendor:   ATI
    VRAM:     7886 MB
    Driver:   31.0.12034.4
Initialize mono
Mono path[0] = 'C:/Program Files/Unity/Hub/Editor/2021.2.7f1/Editor/Data/Managed'
Mono path[1] = 'C:/Program Files/Unity/Hub/Editor/2021.2.7f1/Editor/Data/MonoBleedingEdge/lib/mono/unityjit-win32'
Mono config path = 'C:/Program Files/Unity/Hub/Editor/2021.2.7f1/Editor/Data/MonoBleedingEdge/etc'
Using monoOptions --debugger-agent=transport=dt_socket,embedding=1,server=y,suspend=n,address=127.0.0.1:56872
Begin MonoManager ReloadAssembly
Registering precompiled unity dll's ...
Register platform support module: C:/Program Files/Unity/Hub/Editor/2021.2.7f1/Editor/Data/PlaybackEngines/WindowsStandaloneSupport/UnityEditor.WindowsStandalone.Extensions.dll
Registered in 0.004573 seconds.
Native extension for WindowsStandalone target not found
Refreshing native plugins compatible for Editor in 104.40 ms, found 3 plugins.
Preloading 0 native plugins for Editor in 0.00 ms.
Mono: successfully reloaded assembly
- Completed reload, in  0.742 seconds
Domain Reload Profiling:
	ReloadAssembly (743ms)
		BeginReloadAssembly (156ms)
			ExecutionOrderSort (0ms)
			DisableScriptedObjects (0ms)
			BackupInstance (0ms)
			ReleaseScriptingObjects (0ms)
			CreateAndSetChildDomain (2ms)
		EndReloadAssembly (484ms)
			LoadAssemblies (151ms)
			RebuildTransferFunctionScriptingTraits (0ms)
			SetupTypeCache (83ms)
			ReleaseScriptCaches (0ms)
			RebuildScriptCaches (33ms)
			SetupLoadedEditorAssemblies (321ms)
				LogAssemblyErrors (0ms)
				InitializePlatformSupportModulesInManaged (28ms)
				SetLoadedEditorAssemblies (0ms)
				RefreshPlugins (105ms)
				BeforeProcessingInitializeOnLoad (1ms)
				ProcessInitializeOnLoadAttributes (140ms)
				ProcessInitializeOnLoadMethodAttributes (48ms)
				AfterProcessingInitializeOnLoad (0ms)
				EditorAssembliesLoaded (0ms)
			ExecutionOrderSort2 (0ms)
			AwakeInstancesAfterBackupRestoration (0ms)
Platform modules already initialized, skipping
Registering precompiled user dll's ...
Registered in 0.008156 seconds.
Begin MonoManager ReloadAssembly
Symbol file LoadedFromMemory doesn't match image C:\Users\linfr\Downloads\Epita\Project_S2\BeforeDawn\BeforeDawn\Library\PackageCache\com.unity.visualscripting@1.7.6\Editor\VisualScripting.Core\Dependencies\YamlDotNet\Unity.VisualScripting.YamlDotNet.dll
Symbol file LoadedFromMemory doesn't match image C:\Users\linfr\Downloads\Epita\Project_S2\BeforeDawn\BeforeDawn\Library\PackageCache\com.unity.visualscripting@1.7.6\Editor\VisualScripting.Core\Dependencies\DotNetZip\Unity.VisualScripting.IonicZip.dll
Native extension for WindowsStandalone target not found
Refreshing native plugins compatible for Editor in 76.97 ms, found 3 plugins.
Preloading 0 native plugins for Editor in 0.00 ms.
Mono: successfully reloaded assembly
- Completed reload, in  1.105 seconds
Domain Reload Profiling:
	ReloadAssembly (1106ms)
		BeginReloadAssembly (111ms)
			ExecutionOrderSort (0ms)
			DisableScriptedObjects (7ms)
			BackupInstance (0ms)
			ReleaseScriptingObjects (0ms)
			CreateAndSetChildDomain (24ms)
		EndReloadAssembly (902ms)
			LoadAssemblies (85ms)
			RebuildTransferFunctionScriptingTraits (0ms)
			SetupTypeCache (266ms)
			ReleaseScriptCaches (1ms)
			RebuildScriptCaches (52ms)
			SetupLoadedEditorAssemblies (461ms)
				LogAssemblyErrors (0ms)
				InitializePlatformSupportModulesInManaged (9ms)
				SetLoadedEditorAssemblies (0ms)
				RefreshPlugins (77ms)
				BeforeProcessingInitializeOnLoad (83ms)
				ProcessInitializeOnLoadAttributes (259ms)
				ProcessInitializeOnLoadMethodAttributes (27ms)
				AfterProcessingInitializeOnLoad (5ms)
				EditorAssembliesLoaded (0ms)
			ExecutionOrderSort2 (0ms)
			AwakeInstancesAfterBackupRestoration (6ms)
Platform modules already initialized, skipping
========================================================================
Worker process is ready to serve import requests
Launched and connected shader compiler UnityShaderCompiler.exe after 0.05 seconds
Refreshing native plugins compatible for Editor in 0.87 ms, found 3 plugins.
Preloading 0 native plugins for Editor in 0.00 ms.
Unloading 3998 Unused Serialized files (Serialized files now loaded: 0)
Unloading 41 unused Assets / (56.0 KB). Loaded Objects now: 4451.
Memory consumption went from 143.1 MB to 143.0 MB.
Total: 3.749100 ms (FindLiveObjects: 0.370200 ms CreateObjectMapping: 0.177200 ms MarkObjects: 3.082400 ms  DeleteObjects: 0.118000 ms)

AssetImportParameters requested are different than current active one (requested -> active):
  custom:video-decoder-ogg-theora: a1e56fd34408186e4bbccfd4996cb3dc -> 
  custom:container-muxer-webm: aa71ff27fc2769a1b78a27578f13a17b -> 
  custom:container-demuxer-webm: 4f35f7cbe854078d1ac9338744f61a02 -> 
  custom:video-encoder-webm-vp8: eb34c28f22e8b96e1ab97ce403110664 -> 
  custom:audio-encoder-webm-vorbis: bf7c407c2cedff20999df2af8eb42d56 -> 
  custom:framework-win-MediaFoundation: 216162199b28c13a410421893ffa2e32 -> 
  custom:container-demuxer-ogg: 62fdf1f143b41e24485cea50d1cbac27 -> 
  custom:video-decoder-webm-vp8: 9c59270c3fd7afecdb556c50c9e8de78 -> 
  custom:audio-decoder-ogg-vorbis: bf7c407c2cedff20999df2af8eb42d56 -> 
========================================================================
Received Import Request.
  Time since last request: 533503.218507 seconds.
  path: Assets/Principale Tower.prefab
  artifactKey: Guid(35da06ec8bcdc4aa2991d1961c3a435d) Importer(815301076,1909f56bfc062723c751e8b465ee728b)
Start importing Assets/Principale Tower.prefab using Guid(35da06ec8bcdc4aa2991d1961c3a435d) Importer(815301076,1909f56bfc062723c751e8b465ee728b)  -> (artifact id: '458f87fb7df41bd2b02569cc7006557d') in 0.280854 seconds 
========================================================================
Received Import Request.
  Time since last request: 5.090128 seconds.
  path: Assets/ExempleEnnemisScene
  artifactKey: Guid(fba92c03c4e73af4f97bd3b2744ddc6b) Importer(815301076,1909f56bfc062723c751e8b465ee728b)
Start importing Assets/ExempleEnnemisScene using Guid(fba92c03c4e73af4f97bd3b2744ddc6b) Importer(815301076,1909f56bfc062723c751e8b465ee728b)  -> (artifact id: '0872b6c2447d1bbcca2cc256f1907026') in 0.001530 seconds 
========================================================================
Received Import Request.
  Time since last request: 1.945577 seconds.
  path: Assets/ExempleEnnemisScene/EnemiesExample.unity
  artifactKey: Guid(b26c49b8fa6309e4597a7077eb00509f) Importer(815301076,1909f56bfc062723c751e8b465ee728b)
Start importing Assets/ExempleEnnemisScene/EnemiesExample.unity using Guid(b26c49b8fa6309e4597a7077eb00509f) Importer(815301076,1909f56bfc062723c751e8b465ee728b)  -> (artifact id: 'f769571df2f3891f6967a99198bb3aae') in 0.002774 seconds 
========================================================================
Received Import Request.
  Time since last request: 7.960052 seconds.
  path: Assets/ExempleEnnemisScene/Scripts
  artifactKey: Guid(3279301d55b963e42a7ef9cef4d53c4e) Importer(815301076,1909f56bfc062723c751e8b465ee728b)
Start importing Assets/ExempleEnnemisScene/Scripts using Guid(3279301d55b963e42a7ef9cef4d53c4e) Importer(815301076,1909f56bfc062723c751e8b465ee728b)  -> (artifact id: '20aad1ab802f11d922e9e8e9d0725971') in 0.001911 seconds 
========================================================================
Received Import Request.
  Time since last request: 0.584361 seconds.
  path: Assets/ExempleEnnemisScene/ScriptableObjects
  artifactKey: Guid(07ef82a35cf28df46a21dbf1e7cdf086) Importer(815301076,1909f56bfc062723c751e8b465ee728b)
Start importing Assets/ExempleEnnemisScene/ScriptableObjects using Guid(07ef82a35cf28df46a21dbf1e7cdf086) Importer(815301076,1909f56bfc062723c751e8b465ee728b)  -> (artifact id: '5698b7074199fa85c98ff5add9c57a0e') in 0.002148 seconds 
========================================================================
Received Import Request.
  Time since last request: 0.482597 seconds.
  path: Assets/ExempleEnnemisScene/Scene
  artifactKey: Guid(2074132af54b679449afb474d63e9bd9) Importer(815301076,1909f56bfc062723c751e8b465ee728b)
Start importing Assets/ExempleEnnemisScene/Scene using Guid(2074132af54b679449afb474d63e9bd9) Importer(815301076,1909f56bfc062723c751e8b465ee728b)  -> (artifact id: 'c001a26de0659c286baecb53b147ab9f') in 0.001749 seconds 
========================================================================
Received Import Request.
  Time since last request: 0.059484 seconds.
  path: Assets/ExempleEnnemisScene/Scene/NavMesh.asset
  artifactKey: Guid(9f6cf476ca8215d4486052e71c522ca2) Importer(815301076,1909f56bfc062723c751e8b465ee728b)
Start importing Assets/ExempleEnnemisScene/Scene/NavMesh.asset using Guid(9f6cf476ca8215d4486052e71c522ca2) Importer(815301076,1909f56bfc062723c751e8b465ee728b)  -> (artifact id: '2c1ddaca722c457a00a54a3f675d5d4b') in 0.005382 seconds 
========================================================================
Received Import Request.
  Time since last request: 18.646108 seconds.
  path: Assets/ExempleEnnemisScene/ScriptableObjects/Goblin.asset
  artifactKey: Guid(dd0991691eb8de144be5c8f62da0441b) Importer(815301076,1909f56bfc062723c751e8b465ee728b)
Start importing Assets/ExempleEnnemisScene/ScriptableObjects/Goblin.asset using Guid(dd0991691eb8de144be5c8f62da0441b) Importer(815301076,1909f56bfc062723c751e8b465ee728b)  -> (artifact id: '4d5ad353658292d5dbf9d39cbaf5df6e') in 0.002418 seconds 
========================================================================
Received Import Request.
  Time since last request: 0.000017 seconds.
  path: Assets/ExempleEnnemisScene/ScriptableObjects/Skeleton.asset
  artifactKey: Guid(2e01ad3ac01046b4b94e5e02f8f71071) Importer(815301076,1909f56bfc062723c751e8b465ee728b)
Start importing Assets/ExempleEnnemisScene/ScriptableObjects/Skeleton.asset using Guid(2e01ad3ac01046b4b94e5e02f8f71071) Importer(815301076,1909f56bfc062723c751e8b465ee728b)  -> (artifact id: '4a6c866e94333cd5aaca203767ebe927') in 0.003735 seconds 
========================================================================
Received Import Request.
  Time since last request: 7.322371 seconds.
  path: Assets/ExempleEnnemisScene/Scripts/EnemyControl.cs
  artifactKey: Guid(70ba053b620e454488284ef91e75c1a9) Importer(815301076,1909f56bfc062723c751e8b465ee728b)
Start importing Assets/ExempleEnnemisScene/Scripts/EnemyControl.cs using Guid(70ba053b620e454488284ef91e75c1a9) Importer(815301076,1909f56bfc062723c751e8b465ee728b)  -> (artifact id: '3dc25d68e78506abddc46e4b483b3e99') in 0.004149 seconds 
========================================================================
Received Import Request.
  Time since last request: 0.950394 seconds.
  path: Assets/ExempleEnnemisScene/Scripts/EnemyData.cs
  artifactKey: Guid(f5767385de8fdd74b90c5afa27947f26) Importer(815301076,1909f56bfc062723c751e8b465ee728b)
Start importing Assets/ExempleEnnemisScene/Scripts/EnemyData.cs using Guid(f5767385de8fdd74b90c5afa27947f26) Importer(815301076,1909f56bfc062723c751e8b465ee728b)  -> (artifact id: '059f6b73644ac3407a204f1e586ff83a') in 0.001675 seconds 
========================================================================
Received Import Request.
  Time since last request: 4.095357 seconds.
  path: Assets/Enter scene/spacebg 1.jpg
  artifactKey: Guid(355c03693bfd47ad695c823c7d527ed2) Importer(815301076,1909f56bfc062723c751e8b465ee728b)
Start importing Assets/Enter scene/spacebg 1.jpg using Guid(355c03693bfd47ad695c823c7d527ed2) Importer(815301076,1909f56bfc062723c751e8b465ee728b)  -> (artifact id: 'e30af7b50a8f4dfb13785881e295d85a') in 0.054290 seconds 
========================================================================
Received Import Request.
  Time since last request: 15.413809 seconds.
  path: Assets/Enter scene
  artifactKey: Guid(ff0433fd62b614372a1e321fdf415aae) Importer(815301076,1909f56bfc062723c751e8b465ee728b)
Start importing Assets/Enter scene using Guid(ff0433fd62b614372a1e321fdf415aae) Importer(815301076,1909f56bfc062723c751e8b465ee728b)  -> (artifact id: 'e6f58e4f4f6f3bef1d2a770f9d4be4c4') in 0.002244 seconds 
========================================================================
Received Prepare
Registering precompiled user dll's ...
Registered in 0.007791 seconds.
Begin MonoManager ReloadAssembly
Symbol file LoadedFromMemory doesn't match image C:\Users\linfr\Downloads\Epita\Project_S2\BeforeDawn\BeforeDawn\Library\PackageCache\com.unity.visualscripting@1.7.6\Editor\VisualScripting.Core\Dependencies\YamlDotNet\Unity.VisualScripting.YamlDotNet.dll
Symbol file LoadedFromMemory doesn't match image C:\Users\linfr\Downloads\Epita\Project_S2\BeforeDawn\BeforeDawn\Library\PackageCache\com.unity.visualscripting@1.7.6\Editor\VisualScripting.Core\Dependencies\DotNetZip\Unity.VisualScripting.IonicZip.dll
Native extension for WindowsStandalone target not found
Refreshing native plugins compatible for Editor in 0.89 ms, found 3 plugins.
Preloading 0 native plugins for Editor in 0.00 ms.
Mono: successfully reloaded assembly
- Completed reload, in  1.103 seconds
Domain Reload Profiling:
	ReloadAssembly (1104ms)
		BeginReloadAssembly (129ms)
			ExecutionOrderSort (0ms)
			DisableScriptedObjects (5ms)
			BackupInstance (0ms)
			ReleaseScriptingObjects (0ms)
			CreateAndSetChildDomain (41ms)
		EndReloadAssembly (891ms)
			LoadAssemblies (78ms)
			RebuildTransferFunctionScriptingTraits (0ms)
			SetupTypeCache (425ms)
			ReleaseScriptCaches (2ms)
			RebuildScriptCaches (39ms)
			SetupLoadedEditorAssemblies (308ms)
				LogAssemblyErrors (0ms)
				InitializePlatformSupportModulesInManaged (10ms)
				SetLoadedEditorAssemblies (0ms)
				RefreshPlugins (1ms)
				BeforeProcessingInitializeOnLoad (55ms)
				ProcessInitializeOnLoadAttributes (209ms)
				ProcessInitializeOnLoadMethodAttributes (28ms)
				AfterProcessingInitializeOnLoad (5ms)
				EditorAssembliesLoaded (0ms)
			ExecutionOrderSort2 (0ms)
			AwakeInstancesAfterBackupRestoration (9ms)
Platform modules already initialized, skipping
Refreshing native plugins compatible for Editor in 0.80 ms, found 3 plugins.
Preloading 0 native plugins for Editor in 0.00 ms.
Unloading 3978 Unused Serialized files (Serialized files now loaded: 0)
Unloading 29 unused Assets / (24.7 KB). Loaded Objects now: 4476.
Memory consumption went from 146.9 MB to 146.9 MB.
Total: 3.765600 ms (FindLiveObjects: 0.355500 ms CreateObjectMapping: 0.260400 ms MarkObjects: 3.116600 ms  DeleteObjects: 0.031900 ms)

AssetImportParameters requested are different than current active one (requested -> active):
  custom:video-decoder-ogg-theora: a1e56fd34408186e4bbccfd4996cb3dc -> 
  custom:container-muxer-webm: aa71ff27fc2769a1b78a27578f13a17b -> 
  custom:container-demuxer-webm: 4f35f7cbe854078d1ac9338744f61a02 -> 
  custom:video-encoder-webm-vp8: eb34c28f22e8b96e1ab97ce403110664 -> 
  custom:audio-encoder-webm-vorbis: bf7c407c2cedff20999df2af8eb42d56 -> 
  custom:framework-win-MediaFoundation: 216162199b28c13a410421893ffa2e32 -> 
  custom:container-demuxer-ogg: 62fdf1f143b41e24485cea50d1cbac27 -> 
  custom:video-decoder-webm-vp8: 9c59270c3fd7afecdb556c50c9e8de78 -> 
  custom:audio-decoder-ogg-vorbis: bf7c407c2cedff20999df2af8eb42d56 -> 
========================================================================
Received Import Request.
  Time since last request: 27.757752 seconds.
  path: Assets/ExempleEnnemisScene/turret/exemple/Cylinder.prefab
  artifactKey: Guid(c02d9200ca13b3d42998f08dde571343) Importer(815301076,1909f56bfc062723c751e8b465ee728b)
Start importing Assets/ExempleEnnemisScene/turret/exemple/Cylinder.prefab using Guid(c02d9200ca13b3d42998f08dde571343) Importer(815301076,1909f56bfc062723c751e8b465ee728b)  -> (artifact id: '1bf02353cdba204324c827c561390a09') in 0.140923 seconds 
========================================================================
Received Import Request.
  Time since last request: 0.000024 seconds.
  path: Assets/ExempleEnnemisScene/turret/exemple/victimeBis.prefab
  artifactKey: Guid(276a43b1997babc438a476a5b4602697) Importer(815301076,1909f56bfc062723c751e8b465ee728b)
Start importing Assets/ExempleEnnemisScene/turret/exemple/victimeBis.prefab using Guid(276a43b1997babc438a476a5b4602697) Importer(815301076,1909f56bfc062723c751e8b465ee728b)  -> (artifact id: '5e446e5832a4ca7132d76c1004492401') in 0.021582 seconds 
========================================================================
Received Import Request.
  Time since last request: 0.000040 seconds.
  path: Assets/ExempleEnnemisScene/turret/exemple/victime.prefab
  artifactKey: Guid(ff06d55598896704b8e47ffcbf0a9f61) Importer(815301076,1909f56bfc062723c751e8b465ee728b)
Start importing Assets/ExempleEnnemisScene/turret/exemple/victime.prefab using Guid(ff06d55598896704b8e47ffcbf0a9f61) Importer(815301076,1909f56bfc062723c751e8b465ee728b)  -> (artifact id: 'a364946d1b043c6f03932f7a2a4e3020') in 0.015876 seconds 
========================================================================
Received Import Request.
  Time since last request: 0.000019 seconds.
  path: Assets/ExempleEnnemisScene/turret/exemple/turrettest.asset
  artifactKey: Guid(7d058fd990e30a94ab7f90f394719090) Importer(815301076,1909f56bfc062723c751e8b465ee728b)
Start importing Assets/ExempleEnnemisScene/turret/exemple/turrettest.asset using Guid(7d058fd990e30a94ab7f90f394719090) Importer(815301076,1909f56bfc062723c751e8b465ee728b)  -> (artifact id: '197769dd4c62857752b7aeca3383bb88') in 0.002429 seconds 
Editor requested this worker to shutdown with reason: Scaling down because of idle timeout
AssetImportWorker is now disconnected from the server
Process exiting
Exiting without the bug reporter. Application will terminate with return code 0