Using pre-set license

 COMMAND LINE ARGUMENTS:
/Applications/Unity/Hub/Editor/2020.3.0f1/Unity.app/Contents/MacOS/Unity
-adb2
-batchMode
-noUpm
-name
AssetImportWorker0
-projectPath
/Users/florent/Desktop/EPITA/PROJET/github/projectS2/BeforeDawn/BeforeDownV2
-logFile
Logs/AssetImportWorker0.log
-srvPort
62326
Successfully changed project path to: /Users/florent/Desktop/EPITA/PROJET/github/projectS2/BeforeDawn/BeforeDownV2
/Users/florent/Desktop/EPITA/PROJET/github/projectS2/BeforeDawn/BeforeDownV2
Using Asset Import Pipeline V2.
Refreshing native plugins compatible for Editor in 51.16 ms, found 1 plugins.
Preloading 0 native plugins for Editor in 0.00 ms.
Initialize engine version: 2020.3.0f1 (c7b5465681fb)
[Subsystems] Discovering subsystems at path /Applications/Unity/Hub/Editor/2020.3.0f1/Unity.app/Contents/Resources/UnitySubsystems
[Subsystems] Discovering subsystems at path /Users/florent/Desktop/EPITA/PROJET/github/projectS2/BeforeDawn/BeforeDownV2/Assets
GfxDevice: creating device client; threaded=0
2023-04-17 12:51:57.848 Unity[216:1238612] (null) preferred device: Apple M1 (high power)
2023-04-17 12:51:57.848 Unity[216:1238612] Metal devices available: 1
2023-04-17 12:51:57.848 Unity[216:1238612] 0: Apple M1 (high power)
2023-04-17 12:51:57.848 Unity[216:1238612] Using device Apple M1 (high power)
Initializing Metal device caps: Apple M1
Shader 'Universal Render Pipeline/Particles/Lit': fallback shader 'Universal Render Pipeline/Particles/SimpleLit' not found
Initialize mono
Mono path[0] = '/Applications/Unity/Hub/Editor/2020.3.0f1/Unity.app/Contents/Managed'
Mono path[1] = '/Applications/Unity/Hub/Editor/2020.3.0f1/Unity.app/Contents/MonoBleedingEdge/lib/mono/unityjit'
Mono config path = '/Applications/Unity/Hub/Editor/2020.3.0f1/Unity.app/Contents/MonoBleedingEdge/etc'
Using monoOptions --debugger-agent=transport=dt_socket,embedding=1,server=y,suspend=n,address=127.0.0.1:56216
Begin MonoManager ReloadAssembly
Registering precompiled unity dll's ...
Register platform support module: /Applications/Unity/Hub/Editor/2020.3.0f1/Unity.app/Contents/PlaybackEngines/MacStandaloneSupport/UnityEditor.OSXStandalone.Extensions.dll
Registered in 0.000904 seconds.
Native extension for OSXStandalone target not found
Refreshing native plugins compatible for Editor in 48.04 ms, found 1 plugins.
Preloading 0 native plugins for Editor in 0.00 ms.
Invoked RoslynAnalysisRunner static constructor.
RoslynAnalysisRunner will not be running.
RoslynAnalysisRunner has terminated.
Mono: successfully reloaded assembly
- Completed reload, in  1.965 seconds
Platform modules already initialized, skipping
Registering precompiled user dll's ...
Registered in 0.001434 seconds.
Begin MonoManager ReloadAssembly
Native extension for OSXStandalone target not found
Refreshing native plugins compatible for Editor in 50.32 ms, found 1 plugins.
Preloading 0 native plugins for Editor in 0.00 ms.
Invoked RoslynAnalysisRunner static constructor.
RoslynAnalysisRunner will not be running.
RoslynAnalysisRunner has terminated.
Fallback handler could not load library /Applications/Unity/Hub/Editor/2020.3.0f1/Unity.app/Contents/Frameworks/Mono/lib/libKernel32
Fallback handler could not load library /Applications/Unity/Hub/Editor/2020.3.0f1/Unity.app/Contents/Frameworks/Mono/lib/libKernel32.dylib
Fallback handler could not load library /Applications/Unity/Hub/Editor/2020.3.0f1/Unity.app/Contents/Frameworks/Mono/lib/libKernel32.so
Fallback handler could not load library /Applications/Unity/Hub/Editor/2020.3.0f1/Unity.app/Contents/Frameworks/Mono/lib/libKernel32.bundle
Fallback handler could not load library /Applications/Unity/Hub/Editor/2020.3.0f1/Unity.app/Contents/Frameworks/Mono/lib/Kernel32
Fallback handler could not load library /Applications/Unity/Hub/Editor/2020.3.0f1/Unity.app/Contents/Frameworks/Mono/lib/libKernel32
Fallback handler could not load library /Applications/Unity/Hub/Editor/2020.3.0f1/Unity.app/Contents/Frameworks/Mono/lib/libKernel32.dylib
Fallback handler could not load library /Applications/Unity/Hub/Editor/2020.3.0f1/Unity.app/Contents/Frameworks/Mono/lib/libKernel32.so
Fallback handler could not load library /Applications/Unity/Hub/Editor/2020.3.0f1/Unity.app/Contents/Frameworks/Mono/lib/libKernel32.bundle
Fallback handler could not load library /Applications/Unity/Hub/Editor/2020.3.0f1/Unity.app/Contents/Frameworks/Mono/lib/libKernel32
Mono: successfully reloaded assembly
- Completed reload, in  1.944 seconds
Platform modules already initialized, skipping
========================================================================
Worker process is ready to serve import requests
Shader 'Universal Render Pipeline/Particles/Lit': fallback shader 'Universal Render Pipeline/Particles/SimpleLit' not found
Launching external process: /Applications/Unity/Hub/Editor/2020.3.0f1/Unity.app/Contents/Tools/UnityShaderCompiler
Launched and connected shader compiler UnityShaderCompiler after 0.15 seconds
Refreshing native plugins compatible for Editor in 0.51 ms, found 1 plugins.
Preloading 0 native plugins for Editor in 0.00 ms.
Unloading 2993 Unused Serialized files (Serialized files now loaded: 0)
System memory in use before: 204.8 MB.
System memory in use after: 205.0 MB.

Unloading 17 unused Assets to reduce memory usage. Loaded Objects now: 3725.
Total: 2.153125 ms (FindLiveObjects: 0.354500 ms CreateObjectMapping: 0.073333 ms MarkObjects: 1.642208 ms  DeleteObjects: 0.082250 ms)

========================================================================
Received Import Request.
  path: Assets/Scenes/Main.unity
  artifactKey: Guid(c20071dc6d348469b8f67970dc67bed9) Importer(815301076,1909f56bfc062723c751e8b465ee728b)
Start importing Assets/Scenes/Main.unity using Guid(c20071dc6d348469b8f67970dc67bed9) Importer(815301076,1909f56bfc062723c751e8b465ee728b)  -> (artifact id: '429971787ed0d33f3a63e7db8d2fa9d6') in 0.024984 seconds
  Import took 0.030200 seconds .

========================================================================
Received Import Request.
  Time since last request: 0.000265 seconds.
  path: Assets/Scenes
  artifactKey: Guid(04ed40ccbfa1d414fbb6d6b6f123bc06) Importer(815301076,1909f56bfc062723c751e8b465ee728b)
Start importing Assets/Scenes using Guid(04ed40ccbfa1d414fbb6d6b6f123bc06) Importer(815301076,1909f56bfc062723c751e8b465ee728b)  -> (artifact id: '514d2942f3936220f750f62d0c934ddd') in 0.000703 seconds
  Import took 0.005019 seconds .

